00:00:00.000 [INFO] [sway/main.c:295] swayfx version 0.5 (based on sway version 1.10.1)
00:00:00.000 [INFO] [sway/main.c:296] wlroots version 0.18.2
00:00:00.000 [INFO] [sway/main.c:297] scenefx version 0.2.1
00:00:00.014 [INFO] [sway/main.c:81] Linux pulsar 6.12.21 #1-NixOS SMP PREEMPT_DYNAMIC Fri Mar 28 21:03:33 UTC 2025 x86_64 GNU/Linux
00:00:00.015 [INFO] [sway/main.c:97] Contents of /etc/lsb-release:
00:00:00.015 [INFO] [sway/main.c:81] DISTRIB_CODENAME=warbler
00:00:00.015 [INFO] [sway/main.c:81] DISTRIB_DESCRIPTION="NixOS 25.05 (Warbler)"
00:00:00.015 [INFO] [sway/main.c:81] DISTRIB_ID=nixos
00:00:00.015 [INFO] [sway/main.c:81] DISTRIB_RELEASE="25.05"
00:00:00.015 [INFO] [sway/main.c:81] LSB_VERSION="25.05 (Warbler)"
00:00:00.015 [INFO] [sway/main.c:97] Contents of /etc/os-release:
00:00:00.015 [INFO] [sway/main.c:81] ANSI_COLOR="0;38;2;126;186;228"
00:00:00.015 [INFO] [sway/main.c:81] BUG_REPORT_URL="https://github.com/NixOS/nixpkgs/issues"
00:00:00.015 [INFO] [sway/main.c:81] BUILD_ID="25.05.20250330.52faf48"
00:00:00.015 [INFO] [sway/main.c:81] CPE_NAME="cpe:/o:nixos:nixos:25.05"
00:00:00.015 [INFO] [sway/main.c:81] DEFAULT_HOSTNAME=nixos
00:00:00.015 [INFO] [sway/main.c:81] DOCUMENTATION_URL="https://nixos.org/learn.html"
00:00:00.015 [INFO] [sway/main.c:81] HOME_URL="https://nixos.org/"
00:00:00.015 [INFO] [sway/main.c:81] ID=nixos
00:00:00.015 [INFO] [sway/main.c:81] ID_LIKE=""
00:00:00.015 [INFO] [sway/main.c:81] IMAGE_ID=""
00:00:00.015 [INFO] [sway/main.c:81] IMAGE_VERSION=""
00:00:00.015 [INFO] [sway/main.c:81] LOGO="nix-snowflake"
00:00:00.015 [INFO] [sway/main.c:81] NAME=NixOS
00:00:00.015 [INFO] [sway/main.c:81] PRETTY_NAME="NixOS 25.05 (Warbler)"
00:00:00.015 [INFO] [sway/main.c:81] SUPPORT_URL="https://nixos.org/community.html"
00:00:00.015 [INFO] [sway/main.c:81] VARIANT=""
00:00:00.015 [INFO] [sway/main.c:81] VARIANT_ID=""
00:00:00.015 [INFO] [sway/main.c:81] VENDOR_NAME=NixOS
00:00:00.015 [INFO] [sway/main.c:81] VENDOR_URL="https://nixos.org/"
00:00:00.015 [INFO] [sway/main.c:81] VERSION="25.05 (Warbler)"
00:00:00.015 [INFO] [sway/main.c:81] VERSION_CODENAME=warbler
00:00:00.015 [INFO] [sway/main.c:81] VERSION_ID="25.05"
00:00:00.015 [INFO] [sway/main.c:69] LD_LIBRARY_PATH=
00:00:00.015 [INFO] [sway/main.c:69] LD_PRELOAD=
00:00:00.015 [INFO] [sway/main.c:69] PATH=/run/wrappers/bin:/home/cole/.nix-profile/bin:/nix/profile/bin:/home/cole/.local/state/nix/profile/bin:/etc/profiles/per-user/cole/bin:/nix/var/nix/profiles/default/bin:/run/current-system/sw/bin:/home/cole/.zsh/plugins/vi-mode
00:00:00.015 [INFO] [sway/main.c:69] SWAYSOCK=
00:00:00.015 [INFO] [sway/main.c:333] Starting swayfx version 0.5 (based on sway version 1.10.1)
00:00:00.015 [DEBUG] [sway/server.c:218] Initializing Wayland server
00:00:00.015 [INFO] [wlr] [libseat] [libseat/backend/seatd.c:64] Could not connect to socket /run/seatd.sock: No such file or directory
00:00:00.015 [INFO] [wlr] [libseat] [libseat/libseat.c:76] Backend 'seatd' failed to open seat, skipping
00:00:00.020 [INFO] [wlr] [libseat] [libseat/libseat.c:73] Seat opened with backend 'logind'
00:00:00.020 [INFO] [wlr] [backend/session/session.c:108] Successfully loaded libseat session
00:00:00.028 [INFO] [wlr] [backend/backend.c:256] Found 1 GPUs
00:00:00.028 [INFO] [wlr] [backend/drm/backend.c:185] Initializing DRM backend for /dev/dri/card0 (radeon)
00:00:00.028 [DEBUG] [wlr] [backend/drm/drm.c:107] Atomic modesetting unsupported, using legacy DRM interface
00:00:00.028 [DEBUG] [wlr] [backend/drm/drm.c:131] ADDFB2 modifiers unsupported
00:00:00.028 [INFO] [wlr] [backend/drm/drm.c:310] Found 6 DRM CRTCs
00:00:00.028 [INFO] [wlr] [backend/drm/drm.c:268] Found 6 DRM planes
00:00:00.409 [INFO] [wlr] [render/egl.c:205] Supported EGL client extensions: EGL_EXT_device_base EGL_EXT_device_enumeration EGL_EXT_device_query EGL_EXT_platform_base EGL_KHR_client_get_all_proc_addresses EGL_EXT_client_extensions EGL_KHR_debug EGL_EXT_platform_device EGL_EXT_explicit_device EGL_EXT_platform_wayland EGL_KHR_platform_wayland EGL_EXT_platform_x11 EGL_KHR_platform_x11 EGL_EXT_platform_xcb EGL_MESA_platform_gbm EGL_KHR_platform_gbm EGL_MESA_platform_surfaceless
00:00:00.411 [DEBUG] [wlr] [render/egl.c:486] Using EGL device /dev/dri/card0
00:00:00.432 [INFO] [wlr] [render/egl.c:354] Using EGL 1.5
00:00:00.432 [INFO] [wlr] [render/egl.c:355] Supported EGL display extensions: EGL_ANDROID_blob_cache EGL_EXT_config_select_group EGL_EXT_create_context_robustness EGL_EXT_image_dma_buf_import EGL_EXT_image_dma_buf_import_modifiers EGL_EXT_query_reset_notification_strategy EGL_EXT_surface_compression EGL_KHR_cl_event2 EGL_KHR_config_attribs EGL_KHR_context_flush_control EGL_KHR_create_context EGL_KHR_create_context_no_error EGL_KHR_fence_sync EGL_KHR_get_all_proc_addresses EGL_KHR_gl_colorspace EGL_KHR_gl_renderbuffer_image EGL_KHR_gl_texture_2D_image EGL_KHR_gl_texture_3D_image EGL_KHR_gl_texture_cubemap_image EGL_KHR_image_base EGL_KHR_no_config_context EGL_KHR_reusable_sync EGL_KHR_surfaceless_context EGL_EXT_pixel_format_float EGL_KHR_wait_sync EGL_MESA_configless_context EGL_MESA_drm_image EGL_MESA_gl_interop EGL_MESA_image_dma_buf_export EGL_MESA_query_driver EGL_MESA_x11_native_visual_id EGL_WL_bind_wayland_display 
00:00:00.432 [INFO] [wlr] [render/egl.c:357] Supported EGL device extensions: EGL_EXT_device_drm EGL_EXT_device_drm_render_node
00:00:00.432 [INFO] [wlr] [render/egl.c:359] EGL vendor: Mesa Project
00:00:00.432 [DEBUG] [wlr] [render/egl.c:120] Supported DMA-BUF formats:
00:00:00.432 [DEBUG] [wlr] [render/egl.c:169]   AB4H (0x48344241)
00:00:00.432 [DEBUG] [wlr] [render/egl.c:103]     INVALID (0x00FFFFFFFFFFFFFF): ✓ texture  ✓ render
00:00:00.432 [DEBUG] [wlr] [render/egl.c:103]     LINEAR (0x0000000000000000): ✓ texture  ✓ render
00:00:00.432 [DEBUG] [wlr] [render/egl.c:169]   XB4H (0x48344258)
00:00:00.432 [DEBUG] [wlr] [render/egl.c:103]     INVALID (0x00FFFFFFFFFFFFFF): ✓ texture  ✓ render
00:00:00.432 [DEBUG] [wlr] [render/egl.c:103]     LINEAR (0x0000000000000000): ✓ texture  ✓ render
00:00:00.432 [DEBUG] [wlr] [render/egl.c:169]   AB48 (0x38344241)
00:00:00.432 [DEBUG] [wlr] [render/egl.c:103]     INVALID (0x00FFFFFFFFFFFFFF): ✓ texture  ✓ render
00:00:00.432 [DEBUG] [wlr] [render/egl.c:103]     LINEAR (0x0000000000000000): ✓ texture  ✓ render
00:00:00.432 [DEBUG] [wlr] [render/egl.c:169]   XB48 (0x38344258)
00:00:00.432 [DEBUG] [wlr] [render/egl.c:103]     INVALID (0x00FFFFFFFFFFFFFF): ✓ texture  ✓ render
00:00:00.432 [DEBUG] [wlr] [render/egl.c:103]     LINEAR (0x0000000000000000): ✓ texture  ✓ render
00:00:00.432 [DEBUG] [wlr] [render/egl.c:169]   AR30 (0x30335241)
00:00:00.432 [DEBUG] [wlr] [render/egl.c:103]     INVALID (0x00FFFFFFFFFFFFFF): ✓ texture  ✓ render
00:00:00.432 [DEBUG] [wlr] [render/egl.c:103]     LINEAR (0x0000000000000000): ✓ texture  ✓ render
00:00:00.432 [DEBUG] [wlr] [render/egl.c:169]   XR30 (0x30335258)
00:00:00.432 [DEBUG] [wlr] [render/egl.c:103]     INVALID (0x00FFFFFFFFFFFFFF): ✓ texture  ✓ render
00:00:00.432 [DEBUG] [wlr] [render/egl.c:103]     LINEAR (0x0000000000000000): ✓ texture  ✓ render
00:00:00.432 [DEBUG] [wlr] [render/egl.c:169]   AB30 (0x30334241)
00:00:00.432 [DEBUG] [wlr] [render/egl.c:103]     INVALID (0x00FFFFFFFFFFFFFF): ✓ texture  ✓ render
00:00:00.432 [DEBUG] [wlr] [render/egl.c:103]     LINEAR (0x0000000000000000): ✓ texture  ✓ render
00:00:00.432 [DEBUG] [wlr] [render/egl.c:169]   XB30 (0x30334258)
00:00:00.432 [DEBUG] [wlr] [render/egl.c:103]     INVALID (0x00FFFFFFFFFFFFFF): ✓ texture  ✓ render
00:00:00.432 [DEBUG] [wlr] [render/egl.c:103]     LINEAR (0x0000000000000000): ✓ texture  ✓ render
00:00:00.432 [DEBUG] [wlr] [render/egl.c:169]   AR24 (0x34325241)
00:00:00.432 [DEBUG] [wlr] [render/egl.c:103]     INVALID (0x00FFFFFFFFFFFFFF): ✓ texture  ✓ render
00:00:00.432 [DEBUG] [wlr] [render/egl.c:103]     LINEAR (0x0000000000000000): ✓ texture  ✓ render
00:00:00.432 [DEBUG] [wlr] [render/egl.c:169]   AB24 (0x34324241)
00:00:00.432 [DEBUG] [wlr] [render/egl.c:103]     INVALID (0x00FFFFFFFFFFFFFF): ✓ texture  ✓ render
00:00:00.432 [DEBUG] [wlr] [render/egl.c:103]     LINEAR (0x0000000000000000): ✓ texture  ✓ render
00:00:00.432 [DEBUG] [wlr] [render/egl.c:169]   XR24 (0x34325258)
00:00:00.432 [DEBUG] [wlr] [render/egl.c:103]     INVALID (0x00FFFFFFFFFFFFFF): ✓ texture  ✓ render
00:00:00.432 [DEBUG] [wlr] [render/egl.c:103]     LINEAR (0x0000000000000000): ✓ texture  ✓ render
00:00:00.432 [DEBUG] [wlr] [render/egl.c:169]   XB24 (0x34324258)
00:00:00.432 [DEBUG] [wlr] [render/egl.c:103]     INVALID (0x00FFFFFFFFFFFFFF): ✓ texture  ✓ render
00:00:00.432 [DEBUG] [wlr] [render/egl.c:103]     LINEAR (0x0000000000000000): ✓ texture  ✓ render
00:00:00.432 [DEBUG] [wlr] [render/egl.c:169]   AR15 (0x35315241)
00:00:00.432 [DEBUG] [wlr] [render/egl.c:103]     INVALID (0x00FFFFFFFFFFFFFF): ✓ texture  ✓ render
00:00:00.432 [DEBUG] [wlr] [render/egl.c:103]     LINEAR (0x0000000000000000): ✓ texture  ✓ render
00:00:00.432 [DEBUG] [wlr] [render/egl.c:169]   AB15 (0x35314241)
00:00:00.432 [DEBUG] [wlr] [render/egl.c:103]     INVALID (0x00FFFFFFFFFFFFFF): ✓ texture  ✓ render
00:00:00.432 [DEBUG] [wlr] [render/egl.c:103]     LINEAR (0x0000000000000000): ✓ texture  ✓ render
00:00:00.432 [DEBUG] [wlr] [render/egl.c:169]   AR12 (0x32315241)
00:00:00.432 [DEBUG] [wlr] [render/egl.c:103]     INVALID (0x00FFFFFFFFFFFFFF): ✓ texture  ✓ render
00:00:00.432 [DEBUG] [wlr] [render/egl.c:103]     LINEAR (0x0000000000000000): ✓ texture  ✓ render
00:00:00.432 [DEBUG] [wlr] [render/egl.c:169]   AB12 (0x32314241)
00:00:00.432 [DEBUG] [wlr] [render/egl.c:103]     INVALID (0x00FFFFFFFFFFFFFF): ✓ texture  ✓ render
00:00:00.432 [DEBUG] [wlr] [render/egl.c:103]     LINEAR (0x0000000000000000): ✓ texture  ✓ render
00:00:00.432 [DEBUG] [wlr] [render/egl.c:169]   RG16 (0x36314752)
00:00:00.432 [DEBUG] [wlr] [render/egl.c:103]     INVALID (0x00FFFFFFFFFFFFFF): ✓ texture  ✓ render
00:00:00.432 [DEBUG] [wlr] [render/egl.c:103]     LINEAR (0x0000000000000000): ✓ texture  ✓ render
00:00:00.432 [DEBUG] [wlr] [render/egl.c:169]   R8 (0x20203852)
00:00:00.432 [DEBUG] [wlr] [render/egl.c:103]     INVALID (0x00FFFFFFFFFFFFFF): ✓ texture  ✓ render
00:00:00.432 [DEBUG] [wlr] [render/egl.c:103]     LINEAR (0x0000000000000000): ✓ texture  ✓ render
00:00:00.432 [DEBUG] [wlr] [render/egl.c:169]   R16 (0x20363152)
00:00:00.432 [DEBUG] [wlr] [render/egl.c:103]     INVALID (0x00FFFFFFFFFFFFFF): ✓ texture  ✓ render
00:00:00.432 [DEBUG] [wlr] [render/egl.c:103]     LINEAR (0x0000000000000000): ✓ texture  ✓ render
00:00:00.432 [DEBUG] [wlr] [render/egl.c:169]   GR88 (0x38385247)
00:00:00.432 [DEBUG] [wlr] [render/egl.c:103]     INVALID (0x00FFFFFFFFFFFFFF): ✓ texture  ✓ render
00:00:00.432 [DEBUG] [wlr] [render/egl.c:103]     LINEAR (0x0000000000000000): ✓ texture  ✓ render
00:00:00.432 [DEBUG] [wlr] [render/egl.c:169]   GR32 (0x32335247)
00:00:00.432 [DEBUG] [wlr] [render/egl.c:103]     INVALID (0x00FFFFFFFFFFFFFF): ✓ texture  ✓ render
00:00:00.432 [DEBUG] [wlr] [render/egl.c:103]     LINEAR (0x0000000000000000): ✓ texture  ✓ render
00:00:00.432 [DEBUG] [wlr] [render/egl.c:169]   YUV9 (0x39565559)
00:00:00.432 [DEBUG] [wlr] [render/egl.c:103]     INVALID (0x00FFFFFFFFFFFFFF): ✓ texture  ✓ render
00:00:00.432 [DEBUG] [wlr] [render/egl.c:103]     LINEAR (0x0000000000000000): ✓ texture  ✓ render
00:00:00.432 [DEBUG] [wlr] [render/egl.c:169]   YU11 (0x31315559)
00:00:00.432 [DEBUG] [wlr] [render/egl.c:103]     INVALID (0x00FFFFFFFFFFFFFF): ✓ texture  ✓ render
00:00:00.432 [DEBUG] [wlr] [render/egl.c:103]     LINEAR (0x0000000000000000): ✓ texture  ✓ render
00:00:00.432 [DEBUG] [wlr] [render/egl.c:169]   YU12 (0x32315559)
00:00:00.432 [DEBUG] [wlr] [render/egl.c:103]     INVALID (0x00FFFFFFFFFFFFFF): ✓ texture  ✓ render
00:00:00.432 [DEBUG] [wlr] [render/egl.c:103]     LINEAR (0x0000000000000000): ✓ texture  ✓ render
00:00:00.432 [DEBUG] [wlr] [render/egl.c:169]   YU16 (0x36315559)
00:00:00.432 [DEBUG] [wlr] [render/egl.c:103]     INVALID (0x00FFFFFFFFFFFFFF): ✓ texture  ✓ render
00:00:00.432 [DEBUG] [wlr] [render/egl.c:103]     LINEAR (0x0000000000000000): ✓ texture  ✓ render
00:00:00.433 [DEBUG] [wlr] [render/egl.c:169]   YU24 (0x34325559)
00:00:00.433 [DEBUG] [wlr] [render/egl.c:103]     INVALID (0x00FFFFFFFFFFFFFF): ✓ texture  ✓ render
00:00:00.433 [DEBUG] [wlr] [render/egl.c:103]     LINEAR (0x0000000000000000): ✓ texture  ✓ render
00:00:00.433 [DEBUG] [wlr] [render/egl.c:169]   YVU9 (0x39555659)
00:00:00.433 [DEBUG] [wlr] [render/egl.c:103]     INVALID (0x00FFFFFFFFFFFFFF): ✓ texture  ✓ render
00:00:00.433 [DEBUG] [wlr] [render/egl.c:103]     LINEAR (0x0000000000000000): ✓ texture  ✓ render
00:00:00.433 [DEBUG] [wlr] [render/egl.c:169]   YV11 (0x31315659)
00:00:00.433 [DEBUG] [wlr] [render/egl.c:103]     INVALID (0x00FFFFFFFFFFFFFF): ✓ texture  ✓ render
00:00:00.433 [DEBUG] [wlr] [render/egl.c:103]     LINEAR (0x0000000000000000): ✓ texture  ✓ render
00:00:00.433 [DEBUG] [wlr] [render/egl.c:169]   YV12 (0x32315659)
00:00:00.433 [DEBUG] [wlr] [render/egl.c:103]     INVALID (0x00FFFFFFFFFFFFFF): ✓ texture  ✓ render
00:00:00.433 [DEBUG] [wlr] [render/egl.c:103]     LINEAR (0x0000000000000000): ✓ texture  ✓ render
00:00:00.433 [DEBUG] [wlr] [render/egl.c:169]   YV16 (0x36315659)
00:00:00.433 [DEBUG] [wlr] [render/egl.c:103]     INVALID (0x00FFFFFFFFFFFFFF): ✓ texture  ✓ render
00:00:00.433 [DEBUG] [wlr] [render/egl.c:103]     LINEAR (0x0000000000000000): ✓ texture  ✓ render
00:00:00.433 [DEBUG] [wlr] [render/egl.c:169]   YV24 (0x34325659)
00:00:00.433 [DEBUG] [wlr] [render/egl.c:103]     INVALID (0x00FFFFFFFFFFFFFF): ✓ texture  ✓ render
00:00:00.433 [DEBUG] [wlr] [render/egl.c:103]     LINEAR (0x0000000000000000): ✓ texture  ✓ render
00:00:00.433 [DEBUG] [wlr] [render/egl.c:169]   NV12 (0x3231564E)
00:00:00.433 [DEBUG] [wlr] [render/egl.c:103]     INVALID (0x00FFFFFFFFFFFFFF): ✓ texture  ✓ render
00:00:00.433 [DEBUG] [wlr] [render/egl.c:103]     LINEAR (0x0000000000000000): ✓ texture  ✓ render
00:00:00.433 [DEBUG] [wlr] [render/egl.c:169]   NV21 (0x3132564E)
00:00:00.433 [DEBUG] [wlr] [render/egl.c:103]     INVALID (0x00FFFFFFFFFFFFFF): ✓ texture  ✓ render
00:00:00.433 [DEBUG] [wlr] [render/egl.c:103]     LINEAR (0x0000000000000000): ✓ texture  ✓ render
00:00:00.433 [DEBUG] [wlr] [render/egl.c:169]   P010 (0x30313050)
00:00:00.433 [DEBUG] [wlr] [render/egl.c:103]     INVALID (0x00FFFFFFFFFFFFFF): ✓ texture  ✓ render
00:00:00.433 [DEBUG] [wlr] [render/egl.c:103]     LINEAR (0x0000000000000000): ✓ texture  ✓ render
00:00:00.433 [DEBUG] [wlr] [render/egl.c:169]   P012 (0x32313050)
00:00:00.433 [DEBUG] [wlr] [render/egl.c:103]     INVALID (0x00FFFFFFFFFFFFFF): ✓ texture  ✓ render
00:00:00.433 [DEBUG] [wlr] [render/egl.c:103]     LINEAR (0x0000000000000000): ✓ texture  ✓ render
00:00:00.433 [DEBUG] [wlr] [render/egl.c:169]   P016 (0x36313050)
00:00:00.433 [DEBUG] [wlr] [render/egl.c:103]     INVALID (0x00FFFFFFFFFFFFFF): ✓ texture  ✓ render
00:00:00.433 [DEBUG] [wlr] [render/egl.c:103]     LINEAR (0x0000000000000000): ✓ texture  ✓ render
00:00:00.433 [DEBUG] [wlr] [render/egl.c:169]   P030 (0x30333050)
00:00:00.433 [DEBUG] [wlr] [render/egl.c:103]     INVALID (0x00FFFFFFFFFFFFFF): ✓ texture  ✓ render
00:00:00.433 [DEBUG] [wlr] [render/egl.c:103]     LINEAR (0x0000000000000000): ✓ texture  ✓ render
00:00:00.433 [DEBUG] [wlr] [render/egl.c:169]   NV16 (0x3631564E)
00:00:00.433 [DEBUG] [wlr] [render/egl.c:103]     INVALID (0x00FFFFFFFFFFFFFF): ✓ texture  ✓ render
00:00:00.433 [DEBUG] [wlr] [render/egl.c:103]     LINEAR (0x0000000000000000): ✓ texture  ✓ render
00:00:00.433 [DEBUG] [wlr] [render/egl.c:169]   AYUV (0x56555941)
00:00:00.433 [DEBUG] [wlr] [render/egl.c:103]     INVALID (0x00FFFFFFFFFFFFFF): ✓ texture  ✓ render
00:00:00.433 [DEBUG] [wlr] [render/egl.c:103]     LINEAR (0x0000000000000000): ✓ texture  ✓ render
00:00:00.433 [DEBUG] [wlr] [render/egl.c:169]   XYUV (0x56555958)
00:00:00.433 [DEBUG] [wlr] [render/egl.c:103]     INVALID (0x00FFFFFFFFFFFFFF): ✓ texture  ✓ render
00:00:00.433 [DEBUG] [wlr] [render/egl.c:103]     LINEAR (0x0000000000000000): ✓ texture  ✓ render
00:00:00.433 [DEBUG] [wlr] [render/egl.c:169]   Y410 (0x30313459)
00:00:00.433 [DEBUG] [wlr] [render/egl.c:103]     INVALID (0x00FFFFFFFFFFFFFF): ✓ texture  ✓ render
00:00:00.433 [DEBUG] [wlr] [render/egl.c:103]     LINEAR (0x0000000000000000): ✓ texture  ✓ render
00:00:00.433 [DEBUG] [wlr] [render/egl.c:169]   Y412 (0x32313459)
00:00:00.433 [DEBUG] [wlr] [render/egl.c:103]     INVALID (0x00FFFFFFFFFFFFFF): ✓ texture  ✓ render
00:00:00.433 [DEBUG] [wlr] [render/egl.c:103]     LINEAR (0x0000000000000000): ✓ texture  ✓ render
00:00:00.433 [DEBUG] [wlr] [render/egl.c:169]   Y416 (0x36313459)
00:00:00.433 [DEBUG] [wlr] [render/egl.c:103]     INVALID (0x00FFFFFFFFFFFFFF): ✓ texture  ✓ render
00:00:00.433 [DEBUG] [wlr] [render/egl.c:103]     LINEAR (0x0000000000000000): ✓ texture  ✓ render
00:00:00.433 [DEBUG] [wlr] [render/egl.c:169]   YUYV (0x56595559)
00:00:00.433 [DEBUG] [wlr] [render/egl.c:103]     INVALID (0x00FFFFFFFFFFFFFF): ✓ texture  ✓ render
00:00:00.433 [DEBUG] [wlr] [render/egl.c:103]     LINEAR (0x0000000000000000): ✓ texture  ✓ render
00:00:00.433 [DEBUG] [wlr] [render/egl.c:169]   YVYU (0x55595659)
00:00:00.433 [DEBUG] [wlr] [render/egl.c:103]     INVALID (0x00FFFFFFFFFFFFFF): ✓ texture  ✓ render
00:00:00.433 [DEBUG] [wlr] [render/egl.c:103]     LINEAR (0x0000000000000000): ✓ texture  ✓ render
00:00:00.433 [DEBUG] [wlr] [render/egl.c:169]   UYVY (0x59565955)
00:00:00.433 [DEBUG] [wlr] [render/egl.c:103]     INVALID (0x00FFFFFFFFFFFFFF): ✓ texture  ✓ render
00:00:00.433 [DEBUG] [wlr] [render/egl.c:103]     LINEAR (0x0000000000000000): ✓ texture  ✓ render
00:00:00.433 [DEBUG] [wlr] [render/egl.c:169]   VYUY (0x59555956)
00:00:00.433 [DEBUG] [wlr] [render/egl.c:103]     INVALID (0x00FFFFFFFFFFFFFF): ✓ texture  ✓ render
00:00:00.433 [DEBUG] [wlr] [render/egl.c:103]     LINEAR (0x0000000000000000): ✓ texture  ✓ render
00:00:00.433 [DEBUG] [wlr] [render/egl.c:169]   Y210 (0x30313259)
00:00:00.433 [DEBUG] [wlr] [render/egl.c:103]     INVALID (0x00FFFFFFFFFFFFFF): ✓ texture  ✓ render
00:00:00.433 [DEBUG] [wlr] [render/egl.c:103]     LINEAR (0x0000000000000000): ✓ texture  ✓ render
00:00:00.433 [DEBUG] [wlr] [render/egl.c:169]   Y212 (0x32313259)
00:00:00.433 [DEBUG] [wlr] [render/egl.c:103]     INVALID (0x00FFFFFFFFFFFFFF): ✓ texture  ✓ render
00:00:00.433 [DEBUG] [wlr] [render/egl.c:103]     LINEAR (0x0000000000000000): ✓ texture  ✓ render
00:00:00.433 [DEBUG] [wlr] [render/egl.c:169]   Y216 (0x36313259)
00:00:00.433 [DEBUG] [wlr] [render/egl.c:103]     INVALID (0x00FFFFFFFFFFFFFF): ✓ texture  ✓ render
00:00:00.433 [DEBUG] [wlr] [render/egl.c:103]     LINEAR (0x0000000000000000): ✓ texture  ✓ render
00:00:00.433 [DEBUG] [wlr] [render/egl.c:189] EGL DMA-BUF format modifiers unsupported
00:00:00.436 [DEBUG] [wlr] [render/egl.c:535] Using EGL_PLATFORM_DEVICE_EXT
00:00:00.437 [INFO] [wlr] [render/fx_renderer/fx_renderer.c:411] Creating scenefx FX renderer
00:00:00.437 [INFO] [wlr] [render/fx_renderer/fx_renderer.c:412] Using OpenGL ES 3.2 Mesa 25.0.2
00:00:00.437 [INFO] [wlr] [render/fx_renderer/fx_renderer.c:413] GL vendor: AMD
00:00:00.437 [INFO] [wlr] [render/fx_renderer/fx_renderer.c:414] GL renderer: VERDE (radeonsi, , ACO, DRM 2.50, 6.12.21)
00:00:00.437 [INFO] [wlr] [render/fx_renderer/fx_renderer.c:415] Supported FX extensions: GL_EXT_blend_minmax GL_EXT_multi_draw_arrays GL_EXT_texture_filter_anisotropic GL_EXT_texture_compression_s3tc GL_EXT_texture_compression_dxt1 GL_EXT_texture_compression_rgtc GL_EXT_texture_format_BGRA8888 GL_OES_compressed_ETC1_RGB8_texture GL_OES_depth24 GL_OES_element_index_uint GL_OES_fbo_render_mipmap GL_OES_mapbuffer GL_OES_rgb8_rgba8 GL_OES_standard_derivatives GL_OES_stencil8 GL_OES_texture_3D GL_OES_texture_float GL_OES_texture_float_linear GL_OES_texture_half_float GL_OES_texture_half_float_linear GL_OES_texture_npot GL_OES_vertex_half_float GL_EXT_draw_instanced GL_EXT_texture_sRGB_decode GL_OES_EGL_image GL_OES_depth_texture GL_OES_packed_depth_stencil GL_EXT_texture_type_2_10_10_10_REV GL_NV_conditional_render GL_OES_get_program_binary GL_APPLE_texture_max_level GL_EXT_discard_framebuffer GL_EXT_read_format_bgra GL_EXT_texture_storage GL_NV_pack_subimage GL_NV_texture_barrier GL_EXT_frag_depth GL_NV_fbo_color_attachments GL_OES_EGL_image_external GL_OES_EGL_sync GL_OES_vertex_array_object GL_OES_viewport_array GL_ANGLE_pack_reverse_row_order GL_ANGLE_texture_compression_dxt3 GL_ANGLE_texture_compression_dxt5 GL_EXT_occlusion_query_boolean GL_EXT_robustness GL_EXT_texture_rg GL_EXT_unpack_subimage GL_NV_draw_buffers GL_NV_read_buffer GL_NV_read_depth GL_NV_read_depth_stencil GL_NV_read_stencil GL_APPLE_sync GL_EXT_draw_buffers GL_EXT_instanced_arrays GL_EXT_map_buffer_range GL_EXT_shadow_samplers GL_KHR_debug GL_KHR_robustness GL_KHR_texture_compression_astc_ldr GL_NV_generate_mipmap_sRGB GL_NV_pixel_buffer_object GL_OES_depth_texture_cube_map GL_OES_required_internalformat GL_OES_surfaceless_context GL_EXT_color_buffer_float GL_EXT_debug_label GL_EXT_sRGB_write_control GL_EXT_separate_shader_objects GL_EXT_shader_group_vote GL_EXT_shader_implicit_conversions GL_EXT_shader_integer_mix GL_EXT_tessellation_point_size GL_EXT_tessellation_shader GL_ANDROID_extension_pack_es31a GL_EXT_base_instance GL_EXT_compressed_ETC1_RGB8_sub_texture GL_EXT_copy_image GL_EXT_draw_buffers_indexed GL_EXT_draw_elements_base_vertex GL_EXT_gpu_shader5 GL_EXT_multi_draw_indirect GL_EXT_polygon_offset_clamp GL_EXT_primitive_bounding_box GL_EXT_render_snorm GL_EXT_shader_io_blocks GL_EXT_texture_border_clamp GL_EXT_texture_buffer GL_EXT_texture_cube_map_array GL_EXT_texture_norm16 GL_EXT_texture_view GL_KHR_blend_equation_advanced GL_KHR_context_flush_control GL_KHR_robust_buffer_access_behavior GL_NV_image_formats GL_NV_shader_noperspective_interpolation GL_OES_copy_image GL_OES_draw_buffers_indexed GL_OES_draw_elements_base_vertex GL_OES_gpu_shader5 GL_OES_primitive_bounding_box GL_OES_sample_shading GL_OES_sample_variables GL_OES_shader_io_blocks GL_OES_shader_multisample_interpolation GL_OES_tessellation_point_size GL_OES_tessellation_shader GL_OES_texture_border_clamp GL_OES_texture_buffer GL_OES_texture_cube_map_array GL_OES_texture_stencil8 GL_OES_texture_storage_multisample_2d_array GL_OES_texture_view GL_EXT_blend_func_extended GL_EXT_buffer_storage GL_EXT_float_blend GL_EXT_geometry_point_size GL_EXT_geometry_shader GL_EXT_shader_samples_identical GL_EXT_texture_sRGB_R8 GL_KHR_no_error GL_KHR_texture_compression_astc_sliced_3d GL_OES_EGL_image_external_essl3 GL_OES_geometry_point_size GL_OES_geometry_shader GL_OES_shader_image_atomic GL_EXT_clear_texture GL_EXT_clip_cull_distance GL_EXT_conservative_depth GL_EXT_disjoint_timer_query GL_EXT_texture_compression_s3tc_srgb GL_EXT_window_rectangles GL_MESA_shader_integer_functions GL_EXT_clip_control GL_EXT_color_buffer_half_float GL_EXT_memory_object GL_EXT_memory_object_fd GL_EXT_texture_compression_bptc GL_EXT_texture_mirror_clamp_to_edge GL_KHR_parallel_shader_compile GL_NV_alpha_to_coverage_dither_control GL_EXT_EGL_image_storage GL_EXT_texture_shadow_lod GL_INTEL_blackhole_render GL_MESA_framebuffer_flip_y GL_NV_compute_shader_derivatives GL_EXT_demote_to_helper_invocation GL_EXT_depth_clamp GL_EXT_texture_query_lod GL_KHR_shader_subgroup GL_MESA_sampler_objects GL_EXT_EGL_image_storage_compression GL_EXT_texture_storage_compression GL_MESA_bgra GL_MESA_texture_const_bandwidth 
00:00:00.437 [DEBUG] [wlr] [render/fx_renderer/fx_renderer.c:471] GPU reset notifications are enabled
00:00:00.453 [INFO] [wlr] [render/fx_renderer/fx_renderer.c:516] FX RENDERER: Shaders Initialized Successfully
00:00:00.454 [DEBUG] [wlr] [render/allocator/allocator.c:105] Trying to create gbm allocator
00:00:00.463 [DEBUG] [wlr] [render/allocator/gbm.c:212] Created GBM allocator with backend drm
00:00:00.464 [DEBUG] [wlr] [render/allocator/gbm.c:215] Using DRM node /dev/dri/card0
00:00:00.464 [DEBUG] [wlr] [types/wlr_drm_lease_v1.c:637] Creating wlr_drm_lease_device_v1 for /dev/dri/card0
00:00:00.464 [INFO] [wlr] [backend/headless/backend.c:67] Creating headless backend
00:00:00.476 [INFO] [sway/config.c:457] Loading config from /home/cole/.config/sway/config
00:00:00.476 [DEBUG] [sway/config.c:832] Read line 1: font pango:monospace 8.000000
00:00:00.476 [INFO] [sway/commands.c:404] Config command: font pango:monospace 8.000000
00:00:00.476 [INFO] [sway/commands.c:427] After replacement: font pango:monospace 8.000000
00:00:00.504 [DEBUG] [sway/config.c:832] Read line 2: floating_modifier Mod1
00:00:00.504 [INFO] [sway/commands.c:404] Config command: floating_modifier Mod1
00:00:00.504 [INFO] [sway/commands.c:427] After replacement: floating_modifier Mod1
00:00:00.504 [DEBUG] [sway/config.c:832] Read line 3: default_border normal 2
00:00:00.504 [INFO] [sway/commands.c:404] Config command: default_border normal 2
00:00:00.504 [INFO] [sway/commands.c:427] After replacement: default_border normal 2
00:00:00.504 [DEBUG] [sway/config.c:832] Read line 4: default_floating_border normal 2
00:00:00.504 [INFO] [sway/commands.c:404] Config command: default_floating_border normal 2
00:00:00.504 [INFO] [sway/commands.c:427] After replacement: default_floating_border normal 2
00:00:00.504 [DEBUG] [sway/config.c:832] Read line 5: hide_edge_borders none
00:00:00.504 [INFO] [sway/commands.c:404] Config command: hide_edge_borders none
00:00:00.504 [INFO] [sway/commands.c:427] After replacement: hide_edge_borders none
00:00:00.504 [DEBUG] [sway/config.c:832] Read line 6: focus_wrapping no
00:00:00.504 [INFO] [sway/commands.c:404] Config command: focus_wrapping no
00:00:00.504 [INFO] [sway/commands.c:427] After replacement: focus_wrapping no
00:00:00.504 [DEBUG] [sway/config.c:832] Read line 7: focus_follows_mouse yes
00:00:00.504 [INFO] [sway/commands.c:404] Config command: focus_follows_mouse yes
00:00:00.504 [INFO] [sway/commands.c:427] After replacement: focus_follows_mouse yes
00:00:00.504 [DEBUG] [sway/config.c:832] Read line 8: focus_on_window_activation smart
00:00:00.504 [INFO] [sway/commands.c:404] Config command: focus_on_window_activation smart
00:00:00.504 [INFO] [sway/commands.c:427] After replacement: focus_on_window_activation smart
00:00:00.504 [DEBUG] [sway/config.c:832] Read line 9: mouse_warping output
00:00:00.504 [INFO] [sway/commands.c:404] Config command: mouse_warping output
00:00:00.504 [INFO] [sway/commands.c:427] After replacement: mouse_warping output
00:00:00.504 [DEBUG] [sway/config.c:832] Read line 10: workspace_layout default
00:00:00.504 [INFO] [sway/commands.c:404] Config command: workspace_layout default
00:00:00.504 [INFO] [sway/commands.c:427] After replacement: workspace_layout default
00:00:00.504 [DEBUG] [sway/config.c:832] Read line 11: workspace_auto_back_and_forth no
00:00:00.504 [INFO] [sway/commands.c:404] Config command: workspace_auto_back_and_forth no
00:00:00.504 [INFO] [sway/commands.c:427] After replacement: workspace_auto_back_and_forth no
00:00:00.504 [DEBUG] [sway/config.c:832] Read line 12: client.focused #4c7899 #285577 #ffffff #2e9ef4 #285577
00:00:00.504 [INFO] [sway/commands.c:404] Config command: client.focused #4c7899 #285577 #ffffff #2e9ef4 #285577
00:00:00.504 [INFO] [sway/commands.c:427] After replacement: client.focused #4c7899 #285577 #ffffff #2e9ef4 #285577
00:00:00.504 [DEBUG] [sway/config.c:832] Read line 13: client.focused_inactive #333333 #5f676a #ffffff #484e50 #5f676a
00:00:00.504 [INFO] [sway/commands.c:404] Config command: client.focused_inactive #333333 #5f676a #ffffff #484e50 #5f676a
00:00:00.504 [INFO] [sway/commands.c:427] After replacement: client.focused_inactive #333333 #5f676a #ffffff #484e50 #5f676a
00:00:00.504 [DEBUG] [sway/config.c:832] Read line 14: client.unfocused #333333 #222222 #888888 #292d2e #222222
00:00:00.504 [INFO] [sway/commands.c:404] Config command: client.unfocused #333333 #222222 #888888 #292d2e #222222
00:00:00.504 [INFO] [sway/commands.c:427] After replacement: client.unfocused #333333 #222222 #888888 #292d2e #222222
00:00:00.504 [DEBUG] [sway/config.c:832] Read line 15: client.urgent #2f343a #900000 #ffffff #900000 #900000
00:00:00.504 [INFO] [sway/commands.c:404] Config command: client.urgent #2f343a #900000 #ffffff #900000 #900000
00:00:00.504 [INFO] [sway/commands.c:427] After replacement: client.urgent #2f343a #900000 #ffffff #900000 #900000
00:00:00.505 [DEBUG] [sway/config.c:832] Read line 16: client.placeholder #000000 #0c0c0c #ffffff #000000 #0c0c0c
00:00:00.505 [INFO] [sway/commands.c:404] Config command: client.placeholder #000000 #0c0c0c #ffffff #000000 #0c0c0c
00:00:00.505 [INFO] [sway/commands.c:427] After replacement: client.placeholder #000000 #0c0c0c #ffffff #000000 #0c0c0c
00:00:00.505 [INFO] [sway/commands/client.c:80] Warning: client.placeholder is ignored by sway
00:00:00.505 [DEBUG] [sway/config.c:832] Read line 17: client.background #ffffff
00:00:00.505 [INFO] [sway/commands.c:404] Config command: client.background #ffffff
00:00:00.505 [INFO] [sway/commands.c:427] After replacement: client.background #ffffff
00:00:00.505 [INFO] [sway/commands/client.c:80] Warning: client.background is ignored by sway
00:00:00.505 [DEBUG] [sway/config.c:832] Read line 18: 
00:00:00.505 [DEBUG] [sway/config.c:832] Read line 19: bindsym Mod1+0 workspace number 10
00:00:00.505 [INFO] [sway/commands.c:404] Config command: bindsym Mod1+0 workspace number 10
00:00:00.505 [INFO] [sway/commands.c:427] After replacement: bindsym Mod1+0 workspace number 10
00:00:00.505 [DEBUG] [sway/commands/bind.c:297] bindsym - Bound Mod1+0 to command `workspace number 10` for device '*'
00:00:00.505 [DEBUG] [sway/config.c:832] Read line 20: bindsym Mod1+1 workspace number 1
00:00:00.505 [INFO] [sway/commands.c:404] Config command: bindsym Mod1+1 workspace number 1
00:00:00.505 [INFO] [sway/commands.c:427] After replacement: bindsym Mod1+1 workspace number 1
00:00:00.505 [DEBUG] [sway/commands/bind.c:297] bindsym - Bound Mod1+1 to command `workspace number 1` for device '*'
00:00:00.505 [DEBUG] [sway/config.c:832] Read line 21: bindsym Mod1+2 workspace number 2
00:00:00.505 [INFO] [sway/commands.c:404] Config command: bindsym Mod1+2 workspace number 2
00:00:00.505 [INFO] [sway/commands.c:427] After replacement: bindsym Mod1+2 workspace number 2
00:00:00.505 [DEBUG] [sway/commands/bind.c:297] bindsym - Bound Mod1+2 to command `workspace number 2` for device '*'
00:00:00.505 [DEBUG] [sway/config.c:832] Read line 22: bindsym Mod1+3 workspace number 3
00:00:00.505 [INFO] [sway/commands.c:404] Config command: bindsym Mod1+3 workspace number 3
00:00:00.505 [INFO] [sway/commands.c:427] After replacement: bindsym Mod1+3 workspace number 3
00:00:00.505 [DEBUG] [sway/commands/bind.c:297] bindsym - Bound Mod1+3 to command `workspace number 3` for device '*'
00:00:00.505 [DEBUG] [sway/config.c:832] Read line 23: bindsym Mod1+4 workspace number 4
00:00:00.505 [INFO] [sway/commands.c:404] Config command: bindsym Mod1+4 workspace number 4
00:00:00.505 [INFO] [sway/commands.c:427] After replacement: bindsym Mod1+4 workspace number 4
00:00:00.505 [DEBUG] [sway/commands/bind.c:297] bindsym - Bound Mod1+4 to command `workspace number 4` for device '*'
00:00:00.505 [DEBUG] [sway/config.c:832] Read line 24: bindsym Mod1+5 workspace number 5
00:00:00.505 [INFO] [sway/commands.c:404] Config command: bindsym Mod1+5 workspace number 5
00:00:00.505 [INFO] [sway/commands.c:427] After replacement: bindsym Mod1+5 workspace number 5
00:00:00.505 [DEBUG] [sway/commands/bind.c:297] bindsym - Bound Mod1+5 to command `workspace number 5` for device '*'
00:00:00.505 [DEBUG] [sway/config.c:832] Read line 25: bindsym Mod1+6 workspace number 6
00:00:00.505 [INFO] [sway/commands.c:404] Config command: bindsym Mod1+6 workspace number 6
00:00:00.505 [INFO] [sway/commands.c:427] After replacement: bindsym Mod1+6 workspace number 6
00:00:00.505 [DEBUG] [sway/commands/bind.c:297] bindsym - Bound Mod1+6 to command `workspace number 6` for device '*'
00:00:00.505 [DEBUG] [sway/config.c:832] Read line 26: bindsym Mod1+7 workspace number 7
00:00:00.505 [INFO] [sway/commands.c:404] Config command: bindsym Mod1+7 workspace number 7
00:00:00.505 [INFO] [sway/commands.c:427] After replacement: bindsym Mod1+7 workspace number 7
00:00:00.505 [DEBUG] [sway/commands/bind.c:297] bindsym - Bound Mod1+7 to command `workspace number 7` for device '*'
00:00:00.505 [DEBUG] [sway/config.c:832] Read line 27: bindsym Mod1+8 workspace number 8
00:00:00.505 [INFO] [sway/commands.c:404] Config command: bindsym Mod1+8 workspace number 8
00:00:00.505 [INFO] [sway/commands.c:427] After replacement: bindsym Mod1+8 workspace number 8
00:00:00.505 [DEBUG] [sway/commands/bind.c:297] bindsym - Bound Mod1+8 to command `workspace number 8` for device '*'
00:00:00.505 [DEBUG] [sway/config.c:832] Read line 28: bindsym Mod1+9 workspace number 9
00:00:00.505 [INFO] [sway/commands.c:404] Config command: bindsym Mod1+9 workspace number 9
00:00:00.505 [INFO] [sway/commands.c:427] After replacement: bindsym Mod1+9 workspace number 9
00:00:00.505 [DEBUG] [sway/commands/bind.c:297] bindsym - Bound Mod1+9 to command `workspace number 9` for device '*'
00:00:00.505 [DEBUG] [sway/config.c:832] Read line 29: bindsym Mod1+Down focus down
00:00:00.505 [INFO] [sway/commands.c:404] Config command: bindsym Mod1+Down focus down
00:00:00.505 [INFO] [sway/commands.c:427] After replacement: bindsym Mod1+Down focus down
00:00:00.505 [DEBUG] [sway/commands/bind.c:297] bindsym - Bound Mod1+Down to command `focus down` for device '*'
00:00:00.505 [DEBUG] [sway/config.c:832] Read line 30: bindsym Mod1+Left focus left
00:00:00.505 [INFO] [sway/commands.c:404] Config command: bindsym Mod1+Left focus left
00:00:00.505 [INFO] [sway/commands.c:427] After replacement: bindsym Mod1+Left focus left
00:00:00.505 [DEBUG] [sway/commands/bind.c:297] bindsym - Bound Mod1+Left to command `focus left` for device '*'
00:00:00.505 [DEBUG] [sway/config.c:832] Read line 31: bindsym Mod1+Return exec /nix/store/kblmy89fnirdndyz5aizf9ni9x4z6kmq-foot-1.21.0/bin/foot
00:00:00.505 [INFO] [sway/commands.c:404] Config command: bindsym Mod1+Return exec /nix/store/kblmy89fnirdndyz5aizf9ni9x4z6kmq-foot-1.21.0/bin/foot
00:00:00.505 [INFO] [sway/commands.c:427] After replacement: bindsym Mod1+Return exec /nix/store/kblmy89fnirdndyz5aizf9ni9x4z6kmq-foot-1.21.0/bin/foot
00:00:00.505 [DEBUG] [sway/commands/bind.c:297] bindsym - Bound Mod1+Return to command `exec /nix/store/kblmy89fnirdndyz5aizf9ni9x4z6kmq-foot-1.21.0/bin/foot` for device '*'
00:00:00.505 [DEBUG] [sway/config.c:832] Read line 32: bindsym Mod1+Right focus right
00:00:00.505 [INFO] [sway/commands.c:404] Config command: bindsym Mod1+Right focus right
00:00:00.505 [INFO] [sway/commands.c:427] After replacement: bindsym Mod1+Right focus right
00:00:00.505 [DEBUG] [sway/commands/bind.c:297] bindsym - Bound Mod1+Right to command `focus right` for device '*'
00:00:00.505 [DEBUG] [sway/config.c:832] Read line 33: bindsym Mod1+Shift+0 move container to workspace number 10
00:00:00.505 [INFO] [sway/commands.c:404] Config command: bindsym Mod1+Shift+0 move container to workspace number 10
00:00:00.505 [INFO] [sway/commands.c:427] After replacement: bindsym Mod1+Shift+0 move container to workspace number 10
00:00:00.505 [DEBUG] [sway/commands/bind.c:297] bindsym - Bound Mod1+Shift+0 to command `move container to workspace number 10` for device '*'
00:00:00.505 [DEBUG] [sway/config.c:832] Read line 34: bindsym Mod1+Shift+1 move container to workspace number 1
00:00:00.505 [INFO] [sway/commands.c:404] Config command: bindsym Mod1+Shift+1 move container to workspace number 1
00:00:00.505 [INFO] [sway/commands.c:427] After replacement: bindsym Mod1+Shift+1 move container to workspace number 1
00:00:00.505 [DEBUG] [sway/commands/bind.c:297] bindsym - Bound Mod1+Shift+1 to command `move container to workspace number 1` for device '*'
00:00:00.505 [DEBUG] [sway/config.c:832] Read line 35: bindsym Mod1+Shift+2 move container to workspace number 2
00:00:00.505 [INFO] [sway/commands.c:404] Config command: bindsym Mod1+Shift+2 move container to workspace number 2
00:00:00.505 [INFO] [sway/commands.c:427] After replacement: bindsym Mod1+Shift+2 move container to workspace number 2
00:00:00.505 [DEBUG] [sway/commands/bind.c:297] bindsym - Bound Mod1+Shift+2 to command `move container to workspace number 2` for device '*'
00:00:00.505 [DEBUG] [sway/config.c:832] Read line 36: bindsym Mod1+Shift+3 move container to workspace number 3
00:00:00.505 [INFO] [sway/commands.c:404] Config command: bindsym Mod1+Shift+3 move container to workspace number 3
00:00:00.505 [INFO] [sway/commands.c:427] After replacement: bindsym Mod1+Shift+3 move container to workspace number 3
00:00:00.505 [DEBUG] [sway/commands/bind.c:297] bindsym - Bound Mod1+Shift+3 to command `move container to workspace number 3` for device '*'
00:00:00.505 [DEBUG] [sway/config.c:832] Read line 37: bindsym Mod1+Shift+4 move container to workspace number 4
00:00:00.505 [INFO] [sway/commands.c:404] Config command: bindsym Mod1+Shift+4 move container to workspace number 4
00:00:00.505 [INFO] [sway/commands.c:427] After replacement: bindsym Mod1+Shift+4 move container to workspace number 4
00:00:00.505 [DEBUG] [sway/commands/bind.c:297] bindsym - Bound Mod1+Shift+4 to command `move container to workspace number 4` for device '*'
00:00:00.505 [DEBUG] [sway/config.c:832] Read line 38: bindsym Mod1+Shift+5 move container to workspace number 5
00:00:00.505 [INFO] [sway/commands.c:404] Config command: bindsym Mod1+Shift+5 move container to workspace number 5
00:00:00.505 [INFO] [sway/commands.c:427] After replacement: bindsym Mod1+Shift+5 move container to workspace number 5
00:00:00.505 [DEBUG] [sway/commands/bind.c:297] bindsym - Bound Mod1+Shift+5 to command `move container to workspace number 5` for device '*'
00:00:00.505 [DEBUG] [sway/config.c:832] Read line 39: bindsym Mod1+Shift+6 move container to workspace number 6
00:00:00.505 [INFO] [sway/commands.c:404] Config command: bindsym Mod1+Shift+6 move container to workspace number 6
00:00:00.505 [INFO] [sway/commands.c:427] After replacement: bindsym Mod1+Shift+6 move container to workspace number 6
00:00:00.505 [DEBUG] [sway/commands/bind.c:297] bindsym - Bound Mod1+Shift+6 to command `move container to workspace number 6` for device '*'
00:00:00.505 [DEBUG] [sway/config.c:832] Read line 40: bindsym Mod1+Shift+7 move container to workspace number 7
00:00:00.505 [INFO] [sway/commands.c:404] Config command: bindsym Mod1+Shift+7 move container to workspace number 7
00:00:00.505 [INFO] [sway/commands.c:427] After replacement: bindsym Mod1+Shift+7 move container to workspace number 7
00:00:00.505 [DEBUG] [sway/commands/bind.c:297] bindsym - Bound Mod1+Shift+7 to command `move container to workspace number 7` for device '*'
00:00:00.505 [DEBUG] [sway/config.c:832] Read line 41: bindsym Mod1+Shift+8 move container to workspace number 8
00:00:00.505 [INFO] [sway/commands.c:404] Config command: bindsym Mod1+Shift+8 move container to workspace number 8
00:00:00.505 [INFO] [sway/commands.c:427] After replacement: bindsym Mod1+Shift+8 move container to workspace number 8
00:00:00.505 [DEBUG] [sway/commands/bind.c:297] bindsym - Bound Mod1+Shift+8 to command `move container to workspace number 8` for device '*'
00:00:00.505 [DEBUG] [sway/config.c:832] Read line 42: bindsym Mod1+Shift+9 move container to workspace number 9
00:00:00.505 [INFO] [sway/commands.c:404] Config command: bindsym Mod1+Shift+9 move container to workspace number 9
00:00:00.505 [INFO] [sway/commands.c:427] After replacement: bindsym Mod1+Shift+9 move container to workspace number 9
00:00:00.505 [DEBUG] [sway/commands/bind.c:297] bindsym - Bound Mod1+Shift+9 to command `move container to workspace number 9` for device '*'
00:00:00.505 [DEBUG] [sway/config.c:832] Read line 43: bindsym Mod1+Shift+Down move down
00:00:00.505 [INFO] [sway/commands.c:404] Config command: bindsym Mod1+Shift+Down move down
00:00:00.505 [INFO] [sway/commands.c:427] After replacement: bindsym Mod1+Shift+Down move down
00:00:00.505 [DEBUG] [sway/commands/bind.c:297] bindsym - Bound Mod1+Shift+Down to command `move down` for device '*'
00:00:00.505 [DEBUG] [sway/config.c:832] Read line 44: bindsym Mod1+Shift+Left move left
00:00:00.505 [INFO] [sway/commands.c:404] Config command: bindsym Mod1+Shift+Left move left
00:00:00.505 [INFO] [sway/commands.c:427] After replacement: bindsym Mod1+Shift+Left move left
00:00:00.505 [DEBUG] [sway/commands/bind.c:297] bindsym - Bound Mod1+Shift+Left to command `move left` for device '*'
00:00:00.505 [DEBUG] [sway/config.c:832] Read line 45: bindsym Mod1+Shift+Right move right
00:00:00.505 [INFO] [sway/commands.c:404] Config command: bindsym Mod1+Shift+Right move right
00:00:00.505 [INFO] [sway/commands.c:427] After replacement: bindsym Mod1+Shift+Right move right
00:00:00.505 [DEBUG] [sway/commands/bind.c:297] bindsym - Bound Mod1+Shift+Right to command `move right` for device '*'
00:00:00.505 [DEBUG] [sway/config.c:832] Read line 46: bindsym Mod1+Shift+Up move up
00:00:00.505 [INFO] [sway/commands.c:404] Config command: bindsym Mod1+Shift+Up move up
00:00:00.505 [INFO] [sway/commands.c:427] After replacement: bindsym Mod1+Shift+Up move up
00:00:00.505 [DEBUG] [sway/commands/bind.c:297] bindsym - Bound Mod1+Shift+Up to command `move up` for device '*'
00:00:00.505 [DEBUG] [sway/config.c:832] Read line 47: bindsym Mod1+Shift+c reload
00:00:00.505 [INFO] [sway/commands.c:404] Config command: bindsym Mod1+Shift+c reload
00:00:00.505 [INFO] [sway/commands.c:427] After replacement: bindsym Mod1+Shift+c reload
00:00:00.505 [DEBUG] [sway/commands/bind.c:297] bindsym - Bound Mod1+Shift+c to command `reload` for device '*'
00:00:00.505 [DEBUG] [sway/config.c:832] Read line 48: bindsym Mod1+Shift+e exec swaynag -t warning -m 'You pressed the exit shortcut. Do you really want to exit sway? This will end your Wayland session.' -b 'Yes, exit sway' 'swaymsg exit'
00:00:00.505 [INFO] [sway/commands.c:404] Config command: bindsym Mod1+Shift+e exec swaynag -t warning -m 'You pressed the exit shortcut. Do you really want to exit sway? This will end your Wayland session.' -b 'Yes, exit sway' 'swaymsg exit'
00:00:00.505 [INFO] [sway/commands.c:427] After replacement: bindsym Mod1+Shift+e exec swaynag -t warning -m 'You pressed the exit shortcut. Do you really want to exit sway? This will end your Wayland session.' -b 'Yes, exit sway' 'swaymsg exit'
00:00:00.505 [DEBUG] [sway/commands/bind.c:297] bindsym - Bound Mod1+Shift+e to command `exec swaynag -t warning -m 'You pressed the exit shortcut. Do you really want to exit sway? This will end your Wayland session.' -b 'Yes, exit sway' 'swaymsg exit'` for device '*'
00:00:00.505 [DEBUG] [sway/config.c:832] Read line 49: bindsym Mod1+Shift+h move left
00:00:00.505 [INFO] [sway/commands.c:404] Config command: bindsym Mod1+Shift+h move left
00:00:00.505 [INFO] [sway/commands.c:427] After replacement: bindsym Mod1+Shift+h move left
00:00:00.505 [DEBUG] [sway/commands/bind.c:297] bindsym - Bound Mod1+Shift+h to command `move left` for device '*'
00:00:00.505 [DEBUG] [sway/config.c:832] Read line 50: bindsym Mod1+Shift+j move down
00:00:00.505 [INFO] [sway/commands.c:404] Config command: bindsym Mod1+Shift+j move down
00:00:00.505 [INFO] [sway/commands.c:427] After replacement: bindsym Mod1+Shift+j move down
00:00:00.505 [DEBUG] [sway/commands/bind.c:297] bindsym - Bound Mod1+Shift+j to command `move down` for device '*'
00:00:00.505 [DEBUG] [sway/config.c:832] Read line 51: bindsym Mod1+Shift+k move up
00:00:00.505 [INFO] [sway/commands.c:404] Config command: bindsym Mod1+Shift+k move up
00:00:00.505 [INFO] [sway/commands.c:427] After replacement: bindsym Mod1+Shift+k move up
00:00:00.505 [DEBUG] [sway/commands/bind.c:297] bindsym - Bound Mod1+Shift+k to command `move up` for device '*'
00:00:00.505 [DEBUG] [sway/config.c:832] Read line 52: bindsym Mod1+Shift+l move right
00:00:00.506 [INFO] [sway/commands.c:404] Config command: bindsym Mod1+Shift+l move right
00:00:00.506 [INFO] [sway/commands.c:427] After replacement: bindsym Mod1+Shift+l move right
00:00:00.506 [DEBUG] [sway/commands/bind.c:297] bindsym - Bound Mod1+Shift+l to command `move right` for device '*'
00:00:00.506 [DEBUG] [sway/config.c:832] Read line 53: bindsym Mod1+Shift+minus move scratchpad
00:00:00.506 [INFO] [sway/commands.c:404] Config command: bindsym Mod1+Shift+minus move scratchpad
00:00:00.506 [INFO] [sway/commands.c:427] After replacement: bindsym Mod1+Shift+minus move scratchpad
00:00:00.506 [DEBUG] [sway/commands/bind.c:297] bindsym - Bound Mod1+Shift+minus to command `move scratchpad` for device '*'
00:00:00.506 [DEBUG] [sway/config.c:832] Read line 54: bindsym Mod1+Shift+q kill
00:00:00.506 [INFO] [sway/commands.c:404] Config command: bindsym Mod1+Shift+q kill
00:00:00.506 [INFO] [sway/commands.c:427] After replacement: bindsym Mod1+Shift+q kill
00:00:00.506 [DEBUG] [sway/commands/bind.c:297] bindsym - Bound Mod1+Shift+q to command `kill` for device '*'
00:00:00.506 [DEBUG] [sway/config.c:832] Read line 55: bindsym Mod1+Shift+space floating toggle
00:00:00.506 [INFO] [sway/commands.c:404] Config command: bindsym Mod1+Shift+space floating toggle
00:00:00.506 [INFO] [sway/commands.c:427] After replacement: bindsym Mod1+Shift+space floating toggle
00:00:00.506 [DEBUG] [sway/commands/bind.c:297] bindsym - Bound Mod1+Shift+space to command `floating toggle` for device '*'
00:00:00.506 [DEBUG] [sway/config.c:832] Read line 56: bindsym Mod1+Up focus up
00:00:00.506 [INFO] [sway/commands.c:404] Config command: bindsym Mod1+Up focus up
00:00:00.506 [INFO] [sway/commands.c:427] After replacement: bindsym Mod1+Up focus up
00:00:00.506 [DEBUG] [sway/commands/bind.c:297] bindsym - Bound Mod1+Up to command `focus up` for device '*'
00:00:00.506 [DEBUG] [sway/config.c:832] Read line 57: bindsym Mod1+a focus parent
00:00:00.506 [INFO] [sway/commands.c:404] Config command: bindsym Mod1+a focus parent
00:00:00.506 [INFO] [sway/commands.c:427] After replacement: bindsym Mod1+a focus parent
00:00:00.506 [DEBUG] [sway/commands/bind.c:297] bindsym - Bound Mod1+a to command `focus parent` for device '*'
00:00:00.506 [DEBUG] [sway/config.c:832] Read line 58: bindsym Mod1+b splith
00:00:00.506 [INFO] [sway/commands.c:404] Config command: bindsym Mod1+b splith
00:00:00.506 [INFO] [sway/commands.c:427] After replacement: bindsym Mod1+b splith
00:00:00.506 [DEBUG] [sway/commands/bind.c:297] bindsym - Bound Mod1+b to command `splith` for device '*'
00:00:00.506 [DEBUG] [sway/config.c:832] Read line 59: bindsym Mod1+d exec /nix/store/0g7lc4g8ifsf1a5lnzaxyf8x9ak3qys9-dmenu-5.3/bin/dmenu_path | /nix/store/0g7lc4g8ifsf1a5lnzaxyf8x9ak3qys9-dmenu-5.3/bin/dmenu | /nix/store/xq5f95pp297afc2xjgrmhmf9w631qp7m-findutils-4.10.0/bin/xargs swaymsg exec --
00:00:00.506 [INFO] [sway/commands.c:404] Config command: bindsym Mod1+d exec /nix/store/0g7lc4g8ifsf1a5lnzaxyf8x9ak3qys9-dmenu-5.3/bin/dmenu_path | /nix/store/0g7lc4g8ifsf1a5lnzaxyf8x9ak3qys9-dmenu-5.3/bin/dmenu | /nix/store/xq5f95pp297afc2xjgrmhmf9w631qp7m-findutils-4.10.0/bin/xargs swaymsg exec --
00:00:00.506 [INFO] [sway/commands.c:427] After replacement: bindsym Mod1+d exec /nix/store/0g7lc4g8ifsf1a5lnzaxyf8x9ak3qys9-dmenu-5.3/bin/dmenu_path | /nix/store/0g7lc4g8ifsf1a5lnzaxyf8x9ak3qys9-dmenu-5.3/bin/dmenu | /nix/store/xq5f95pp297afc2xjgrmhmf9w631qp7m-findutils-4.10.0/bin/xargs swaymsg exec --
00:00:00.506 [DEBUG] [sway/commands/bind.c:297] bindsym - Bound Mod1+d to command `exec /nix/store/0g7lc4g8ifsf1a5lnzaxyf8x9ak3qys9-dmenu-5.3/bin/dmenu_path | /nix/store/0g7lc4g8ifsf1a5lnzaxyf8x9ak3qys9-dmenu-5.3/bin/dmenu | /nix/store/xq5f95pp297afc2xjgrmhmf9w631qp7m-findutils-4.10.0/bin/xargs swaymsg exec --` for device '*'
00:00:00.506 [DEBUG] [sway/config.c:832] Read line 60: bindsym Mod1+e layout toggle split
00:00:00.506 [INFO] [sway/commands.c:404] Config command: bindsym Mod1+e layout toggle split
00:00:00.506 [INFO] [sway/commands.c:427] After replacement: bindsym Mod1+e layout toggle split
00:00:00.506 [DEBUG] [sway/commands/bind.c:297] bindsym - Bound Mod1+e to command `layout toggle split` for device '*'
00:00:00.506 [DEBUG] [sway/config.c:832] Read line 61: bindsym Mod1+f fullscreen toggle
00:00:00.506 [INFO] [sway/commands.c:404] Config command: bindsym Mod1+f fullscreen toggle
00:00:00.506 [INFO] [sway/commands.c:427] After replacement: bindsym Mod1+f fullscreen toggle
00:00:00.506 [DEBUG] [sway/commands/bind.c:297] bindsym - Bound Mod1+f to command `fullscreen toggle` for device '*'
00:00:00.506 [DEBUG] [sway/config.c:832] Read line 62: bindsym Mod1+h focus left
00:00:00.506 [INFO] [sway/commands.c:404] Config command: bindsym Mod1+h focus left
00:00:00.506 [INFO] [sway/commands.c:427] After replacement: bindsym Mod1+h focus left
00:00:00.506 [DEBUG] [sway/commands/bind.c:297] bindsym - Bound Mod1+h to command `focus left` for device '*'
00:00:00.506 [DEBUG] [sway/config.c:832] Read line 63: bindsym Mod1+j focus down
00:00:00.506 [INFO] [sway/commands.c:404] Config command: bindsym Mod1+j focus down
00:00:00.506 [INFO] [sway/commands.c:427] After replacement: bindsym Mod1+j focus down
00:00:00.506 [DEBUG] [sway/commands/bind.c:297] bindsym - Bound Mod1+j to command `focus down` for device '*'
00:00:00.506 [DEBUG] [sway/config.c:832] Read line 64: bindsym Mod1+k focus up
00:00:00.506 [INFO] [sway/commands.c:404] Config command: bindsym Mod1+k focus up
00:00:00.506 [INFO] [sway/commands.c:427] After replacement: bindsym Mod1+k focus up
00:00:00.506 [DEBUG] [sway/commands/bind.c:297] bindsym - Bound Mod1+k to command `focus up` for device '*'
00:00:00.506 [DEBUG] [sway/config.c:832] Read line 65: bindsym Mod1+l focus right
00:00:00.506 [INFO] [sway/commands.c:404] Config command: bindsym Mod1+l focus right
00:00:00.506 [INFO] [sway/commands.c:427] After replacement: bindsym Mod1+l focus right
00:00:00.506 [DEBUG] [sway/commands/bind.c:297] bindsym - Bound Mod1+l to command `focus right` for device '*'
00:00:00.506 [DEBUG] [sway/config.c:832] Read line 66: bindsym Mod1+minus scratchpad show
00:00:00.506 [INFO] [sway/commands.c:404] Config command: bindsym Mod1+minus scratchpad show
00:00:00.506 [INFO] [sway/commands.c:427] After replacement: bindsym Mod1+minus scratchpad show
00:00:00.506 [DEBUG] [sway/commands/bind.c:297] bindsym - Bound Mod1+minus to command `scratchpad show` for device '*'
00:00:00.506 [DEBUG] [sway/config.c:832] Read line 67: bindsym Mod1+r mode resize
00:00:00.506 [INFO] [sway/commands.c:404] Config command: bindsym Mod1+r mode resize
00:00:00.506 [INFO] [sway/commands.c:427] After replacement: bindsym Mod1+r mode resize
00:00:00.506 [DEBUG] [sway/commands/bind.c:297] bindsym - Bound Mod1+r to command `mode resize` for device '*'
00:00:00.506 [DEBUG] [sway/config.c:832] Read line 68: bindsym Mod1+s layout stacking
00:00:00.506 [INFO] [sway/commands.c:404] Config command: bindsym Mod1+s layout stacking
00:00:00.506 [INFO] [sway/commands.c:427] After replacement: bindsym Mod1+s layout stacking
00:00:00.506 [DEBUG] [sway/commands/bind.c:297] bindsym - Bound Mod1+s to command `layout stacking` for device '*'
00:00:00.506 [DEBUG] [sway/config.c:832] Read line 69: bindsym Mod1+space focus mode_toggle
00:00:00.506 [INFO] [sway/commands.c:404] Config command: bindsym Mod1+space focus mode_toggle
00:00:00.506 [INFO] [sway/commands.c:427] After replacement: bindsym Mod1+space focus mode_toggle
00:00:00.506 [DEBUG] [sway/commands/bind.c:297] bindsym - Bound Mod1+space to command `focus mode_toggle` for device '*'
00:00:00.506 [DEBUG] [sway/config.c:832] Read line 70: bindsym Mod1+v splitv
00:00:00.506 [INFO] [sway/commands.c:404] Config command: bindsym Mod1+v splitv
00:00:00.506 [INFO] [sway/commands.c:427] After replacement: bindsym Mod1+v splitv
00:00:00.506 [DEBUG] [sway/commands/bind.c:297] bindsym - Bound Mod1+v to command `splitv` for device '*'
00:00:00.506 [DEBUG] [sway/config.c:832] Read line 71: bindsym Mod1+w layout tabbed
00:00:00.506 [INFO] [sway/commands.c:404] Config command: bindsym Mod1+w layout tabbed
00:00:00.506 [INFO] [sway/commands.c:427] After replacement: bindsym Mod1+w layout tabbed
00:00:00.506 [DEBUG] [sway/commands/bind.c:297] bindsym - Bound Mod1+w to command `layout tabbed` for device '*'
00:00:00.506 [DEBUG] [sway/config.c:832] Read line 72: 
00:00:00.506 [DEBUG] [sway/config.c:832] Read line 73: mode "resize" {
00:00:00.506 [DEBUG] [sway/config.c:886] Entering block 'mode "resize"'
00:00:00.506 [DEBUG] [sway/config.c:832] Read line 74:   bindsym Down resize grow height 10 px
00:00:00.506 [INFO] [sway/commands.c:404] Config command: mode "resize" bindsym Down resize grow height 10 px
00:00:00.506 [INFO] [sway/commands.c:427] After replacement: mode "resize" bindsym Down resize grow height 10 px
00:00:00.506 [DEBUG] [sway/commands.c:459] Subcommand: bindsym Down resize grow height 10 px
00:00:00.506 [DEBUG] [sway/commands/bind.c:297] bindsym - Bound Down to command `resize grow height 10 px` for device '*'
00:00:00.506 [DEBUG] [sway/config.c:832] Read line 75:   bindsym Escape mode default
00:00:00.506 [INFO] [sway/commands.c:404] Config command: mode "resize" bindsym Escape mode default
00:00:00.506 [INFO] [sway/commands.c:427] After replacement: mode "resize" bindsym Escape mode default
00:00:00.506 [DEBUG] [sway/commands.c:459] Subcommand: bindsym Escape mode default
00:00:00.506 [DEBUG] [sway/commands/bind.c:297] bindsym - Bound Escape to command `mode default` for device '*'
00:00:00.506 [DEBUG] [sway/config.c:832] Read line 76:   bindsym Left resize shrink width 10 px
00:00:00.506 [INFO] [sway/commands.c:404] Config command: mode "resize" bindsym Left resize shrink width 10 px
00:00:00.506 [INFO] [sway/commands.c:427] After replacement: mode "resize" bindsym Left resize shrink width 10 px
00:00:00.506 [DEBUG] [sway/commands.c:459] Subcommand: bindsym Left resize shrink width 10 px
00:00:00.506 [DEBUG] [sway/commands/bind.c:297] bindsym - Bound Left to command `resize shrink width 10 px` for device '*'
00:00:00.506 [DEBUG] [sway/config.c:832] Read line 77:   bindsym Return mode default
00:00:00.506 [INFO] [sway/commands.c:404] Config command: mode "resize" bindsym Return mode default
00:00:00.506 [INFO] [sway/commands.c:427] After replacement: mode "resize" bindsym Return mode default
00:00:00.506 [DEBUG] [sway/commands.c:459] Subcommand: bindsym Return mode default
00:00:00.506 [DEBUG] [sway/commands/bind.c:297] bindsym - Bound Return to command `mode default` for device '*'
00:00:00.506 [DEBUG] [sway/config.c:832] Read line 78:   bindsym Right resize grow width 10 px
00:00:00.506 [INFO] [sway/commands.c:404] Config command: mode "resize" bindsym Right resize grow width 10 px
00:00:00.506 [INFO] [sway/commands.c:427] After replacement: mode "resize" bindsym Right resize grow width 10 px
00:00:00.506 [DEBUG] [sway/commands.c:459] Subcommand: bindsym Right resize grow width 10 px
00:00:00.506 [DEBUG] [sway/commands/bind.c:297] bindsym - Bound Right to command `resize grow width 10 px` for device '*'
00:00:00.506 [DEBUG] [sway/config.c:832] Read line 79:   bindsym Up resize shrink height 10 px
00:00:00.506 [INFO] [sway/commands.c:404] Config command: mode "resize" bindsym Up resize shrink height 10 px
00:00:00.506 [INFO] [sway/commands.c:427] After replacement: mode "resize" bindsym Up resize shrink height 10 px
00:00:00.506 [DEBUG] [sway/commands.c:459] Subcommand: bindsym Up resize shrink height 10 px
00:00:00.506 [DEBUG] [sway/commands/bind.c:297] bindsym - Bound Up to command `resize shrink height 10 px` for device '*'
00:00:00.506 [DEBUG] [sway/config.c:832] Read line 80:   bindsym h resize shrink width 10 px
00:00:00.506 [INFO] [sway/commands.c:404] Config command: mode "resize" bindsym h resize shrink width 10 px
00:00:00.506 [INFO] [sway/commands.c:427] After replacement: mode "resize" bindsym h resize shrink width 10 px
00:00:00.506 [DEBUG] [sway/commands.c:459] Subcommand: bindsym h resize shrink width 10 px
00:00:00.506 [DEBUG] [sway/commands/bind.c:297] bindsym - Bound h to command `resize shrink width 10 px` for device '*'
00:00:00.506 [DEBUG] [sway/config.c:832] Read line 81:   bindsym j resize grow height 10 px
00:00:00.506 [INFO] [sway/commands.c:404] Config command: mode "resize" bindsym j resize grow height 10 px
00:00:00.506 [INFO] [sway/commands.c:427] After replacement: mode "resize" bindsym j resize grow height 10 px
00:00:00.506 [DEBUG] [sway/commands.c:459] Subcommand: bindsym j resize grow height 10 px
00:00:00.506 [DEBUG] [sway/commands/bind.c:297] bindsym - Bound j to command `resize grow height 10 px` for device '*'
00:00:00.506 [DEBUG] [sway/config.c:832] Read line 82:   bindsym k resize shrink height 10 px
00:00:00.506 [INFO] [sway/commands.c:404] Config command: mode "resize" bindsym k resize shrink height 10 px
00:00:00.506 [INFO] [sway/commands.c:427] After replacement: mode "resize" bindsym k resize shrink height 10 px
00:00:00.506 [DEBUG] [sway/commands.c:459] Subcommand: bindsym k resize shrink height 10 px
00:00:00.506 [DEBUG] [sway/commands/bind.c:297] bindsym - Bound k to command `resize shrink height 10 px` for device '*'
00:00:00.506 [DEBUG] [sway/config.c:832] Read line 83:   bindsym l resize grow width 10 px
00:00:00.506 [INFO] [sway/commands.c:404] Config command: mode "resize" bindsym l resize grow width 10 px
00:00:00.506 [INFO] [sway/commands.c:427] After replacement: mode "resize" bindsym l resize grow width 10 px
00:00:00.506 [DEBUG] [sway/commands.c:459] Subcommand: bindsym l resize grow width 10 px
00:00:00.506 [DEBUG] [sway/commands/bind.c:297] bindsym - Bound l to command `resize grow width 10 px` for device '*'
00:00:00.506 [DEBUG] [sway/config.c:832] Read line 84: }
00:00:00.506 [DEBUG] [sway/config.c:903] Exiting block 'mode "resize"'
00:00:00.506 [DEBUG] [sway/config.c:832] Read line 85: 
00:00:00.506 [DEBUG] [sway/config.c:832] Read line 86: exec "/nix/store/5frr8jbqss1a8gbb17kpf4982v8p900j-dbus-1.14.10/bin/dbus-update-activation-environment --systemd DISPLAY WAYLAND_DISPLAY SWAYSOCK XDG_CURRENT_DESKTOP XDG_SESSION_TYPE NIXOS_OZONE_WL XCURSOR_THEME XCURSOR_SIZE; systemctl --user reset-failed && systemctl --user start sway-session.target && swaymsg -mt subscribe '[]' || true && systemctl --user stop sway-session.target"
00:00:00.506 [INFO] [sway/commands.c:404] Config command: exec "/nix/store/5frr8jbqss1a8gbb17kpf4982v8p900j-dbus-1.14.10/bin/dbus-update-activation-environment --systemd DISPLAY WAYLAND_DISPLAY SWAYSOCK XDG_CURRENT_DESKTOP XDG_SESSION_TYPE NIXOS_OZONE_WL XCURSOR_THEME XCURSOR_SIZE; systemctl --user reset-failed && systemctl --user start sway-session.target && swaymsg -mt subscribe '[]' || true && systemctl --user stop sway-session.target"
00:00:00.506 [INFO] [sway/commands.c:427] After replacement: exec "/nix/store/5frr8jbqss1a8gbb17kpf4982v8p900j-dbus-1.14.10/bin/dbus-update-activation-environment --systemd DISPLAY WAYLAND_DISPLAY SWAYSOCK XDG_CURRENT_DESKTOP XDG_SESSION_TYPE NIXOS_OZONE_WL XCURSOR_THEME XCURSOR_SIZE; systemctl --user reset-failed && systemctl --user start sway-session.target && swaymsg -mt subscribe '[]' || true && systemctl --user stop sway-session.target"
00:00:00.506 [DEBUG] [sway/config.c:876] Deferring command `exec "/nix/store/5frr8jbqss1a8gbb17kpf4982v8p900j-dbus-1.14.10/bin/dbus-update-activation-environment --systemd DISPLAY WAYLAND_DISPLAY SWAYSOCK XDG_CURRENT_DESKTOP XDG_SESSION_TYPE NIXOS_OZONE_WL XCURSOR_THEME XCURSOR_SIZE; systemctl --user reset-failed && systemctl --user start sway-session.target && swaymsg -mt subscribe '[]' || true && systemctl --user stop sway-session.target"'
00:00:00.506 [DEBUG] [sway/config.c:832] Read line 87: xwayland disable
00:00:00.506 [INFO] [sway/commands.c:404] Config command: xwayland disable
00:00:00.506 [INFO] [sway/commands.c:427] After replacement: xwayland disable
00:00:00.506 [DEBUG] [sway/config.c:832] Read line 88: output * bg #000000 solid_color
00:00:00.506 [INFO] [sway/commands.c:404] Config command: output * bg #000000 solid_color
00:00:00.507 [INFO] [sway/commands.c:427] After replacement: output * bg #000000 solid_color
00:00:00.507 [DEBUG] [sway/commands.c:459] Subcommand: bg #000000 solid_color
00:00:00.507 [DEBUG] [sway/config/output.c:262] Config stored for output * (enabled: -1) (-1x-1@-1.000000Hz position -1,-1 scale -1.000000 subpixel unknown transform -1) (bg #000000 solid_color) (power -1) (max render time: -1) (allow tearing: -1)
00:00:00.507 [DEBUG] [sway/input/input-manager.c:190] no fallback seat config - creating default
00:00:00.507 [DEBUG] [sway/config/seat.c:65] Adding non-wildcard seat config
00:00:00.507 [DEBUG] [sway/config/seat.c:82] Config stored for seat seat0
00:00:00.507 [DEBUG] [sway/input/input-manager.c:629] applying seat config for seat seat0
00:00:00.507 [DEBUG] [sway/input/input-manager.c:629] applying seat config for seat seat0
00:00:00.507 [DEBUG] [sway/config/output.c:1155] spawn_swaybg cmd[0] = /nix/store/dqvqmjhskrcj5zgrzcjhfrc6wjibwj06-swaybg-1.2.1/bin/swaybg
00:00:00.507 [DEBUG] [sway/config/output.c:1155] spawn_swaybg cmd[1] = -o
00:00:00.507 [DEBUG] [sway/config/output.c:1155] spawn_swaybg cmd[2] = *
00:00:00.507 [DEBUG] [sway/config/output.c:1155] spawn_swaybg cmd[3] = -c
00:00:00.507 [DEBUG] [sway/config/output.c:1155] spawn_swaybg cmd[4] = #000000
00:00:00.512 [INFO] [sway/realtime.c:35] Failed to set scheduling priority to 1
00:00:00.512 [INFO] [sway/server.c:487] Starting backend on wayland display 'wayland-1'
00:00:00.512 [DEBUG] [wlr] [backend/libinput/backend.c:88] Starting libinput backend
00:00:00.587 [DEBUG] [wlr] [backend/libinput/events.c:69] Adding Power Button [0:1]
00:00:00.587 [DEBUG] [sway/input/input-manager.c:240] adding device: '0:1:Power_Button'
00:00:00.587 [DEBUG] [sway/input/seat.c:949] adding device 0:1:Power_Button to seat seat0
00:00:00.594 [DEBUG] [sway/input/keyboard.c:910] Created keyboard group 0x22996750
00:00:00.594 [DEBUG] [sway/input/keyboard.c:933] Adding keyboard 0:1:Power_Button to group 0x22996750
00:00:00.596 [DEBUG] [wlr] [backend/libinput/events.c:69] Adding Power Button [0:1]
00:00:00.596 [DEBUG] [sway/input/input-manager.c:240] adding device: '0:1:Power_Button'
00:00:00.596 [DEBUG] [sway/input/seat.c:949] adding device 0:1:Power_Button to seat seat0
00:00:00.603 [DEBUG] [sway/input/keyboard.c:885] Adding keyboard 0:1:Power_Button to group 0x22996750
00:00:00.605 [DEBUG] [wlr] [backend/libinput/events.c:69] Adding Yubico YubiKey OTP+FIDO+CCID [4176:1031]
00:00:00.605 [DEBUG] [sway/input/input-manager.c:240] adding device: '4176:1031:Yubico_YubiKey_OTP+FIDO+CCID'
00:00:00.605 [DEBUG] [sway/input/seat.c:949] adding device 4176:1031:Yubico_YubiKey_OTP+FIDO+CCID to seat seat0
00:00:00.613 [DEBUG] [sway/input/keyboard.c:885] Adding keyboard 4176:1031:Yubico_YubiKey_OTP+FIDO+CCID to group 0x22996750
00:00:00.614 [DEBUG] [wlr] [backend/libinput/events.c:69] Adding Logitech BRIO Consumer Control [1133:2142]
00:00:00.614 [DEBUG] [sway/input/input-manager.c:240] adding device: '1133:2142:Logitech_BRIO_Consumer_Control'
00:00:00.614 [DEBUG] [sway/input/seat.c:949] adding device 1133:2142:Logitech_BRIO_Consumer_Control to seat seat0
00:00:00.622 [DEBUG] [sway/input/keyboard.c:885] Adding keyboard 1133:2142:Logitech_BRIO_Consumer_Control to group 0x22996750
00:00:00.624 [DEBUG] [wlr] [backend/libinput/events.c:69] Adding Logitech MX Ergo [1133:16495]
00:00:00.624 [DEBUG] [sway/input/input-manager.c:240] adding device: '1133:16495:Logitech_MX_Ergo'
00:00:00.624 [DEBUG] [sway/input/seat.c:949] adding device 1133:16495:Logitech_MX_Ergo to seat seat0
00:00:00.632 [DEBUG] [sway/input/keyboard.c:885] Adding keyboard 1133:16495:Logitech_MX_Ergo to group 0x22996750
00:00:00.633 [DEBUG] [sway/input/input-manager.c:240] adding device: '1133:16495:Logitech_MX_Ergo'
00:00:00.633 [DEBUG] [sway/input/seat.c:949] adding device 1133:16495:Logitech_MX_Ergo to seat seat0
00:00:00.633 [DEBUG] [sway/input/seat.c:698] Applying input mapping to 1133:16495:Logitech_MX_Ergo
00:00:00.633 [DEBUG] [wlr] [backend/libinput/events.c:69] Adding Input Club Infinity_Ergodox/QMK [7185:45133]
00:00:00.633 [DEBUG] [sway/input/input-manager.c:240] adding device: '7185:45133:Input_Club_Infinity_Ergodox/QMK'
00:00:00.633 [DEBUG] [sway/input/seat.c:949] adding device 7185:45133:Input_Club_Infinity_Ergodox/QMK to seat seat0
00:00:00.641 [DEBUG] [sway/input/keyboard.c:885] Adding keyboard 7185:45133:Input_Club_Infinity_Ergodox/QMK to group 0x22996750
00:00:00.643 [DEBUG] [wlr] [backend/libinput/events.c:69] Adding Input Club Infinity_Ergodox/QMK Mouse [7185:45133]
00:00:00.643 [DEBUG] [sway/input/input-manager.c:240] adding device: '7185:45133:Input_Club_Infinity_Ergodox/QMK_Mouse'
00:00:00.643 [DEBUG] [sway/input/seat.c:949] adding device 7185:45133:Input_Club_Infinity_Ergodox/QMK_Mouse to seat seat0
00:00:00.643 [DEBUG] [sway/input/seat.c:698] Applying input mapping to 7185:45133:Input_Club_Infinity_Ergodox/QMK_Mouse
00:00:00.643 [DEBUG] [wlr] [backend/libinput/events.c:69] Adding Input Club Infinity_Ergodox/QMK System Control [7185:45133]
00:00:00.643 [DEBUG] [sway/input/input-manager.c:240] adding device: '7185:45133:Input_Club_Infinity_Ergodox/QMK_System_Control'
00:00:00.643 [DEBUG] [sway/input/seat.c:949] adding device 7185:45133:Input_Club_Infinity_Ergodox/QMK_System_Control to seat seat0
00:00:00.651 [DEBUG] [sway/input/keyboard.c:885] Adding keyboard 7185:45133:Input_Club_Infinity_Ergodox/QMK_System_Control to group 0x22996750
00:00:00.652 [DEBUG] [wlr] [backend/libinput/events.c:69] Adding Input Club Infinity_Ergodox/QMK Consumer Control [7185:45133]
00:00:00.652 [DEBUG] [sway/input/input-manager.c:240] adding device: '7185:45133:Input_Club_Infinity_Ergodox/QMK_Consumer_Control'
00:00:00.652 [DEBUG] [sway/input/seat.c:949] adding device 7185:45133:Input_Club_Infinity_Ergodox/QMK_Consumer_Control to seat seat0
00:00:00.660 [DEBUG] [sway/input/keyboard.c:885] Adding keyboard 7185:45133:Input_Club_Infinity_Ergodox/QMK_Consumer_Control to group 0x22996750
00:00:00.662 [DEBUG] [sway/input/input-manager.c:240] adding device: '7185:45133:Input_Club_Infinity_Ergodox/QMK_Consumer_Control'
00:00:00.662 [DEBUG] [sway/input/seat.c:949] adding device 7185:45133:Input_Club_Infinity_Ergodox/QMK_Consumer_Control to seat seat0
00:00:00.662 [DEBUG] [sway/input/seat.c:698] Applying input mapping to 7185:45133:Input_Club_Infinity_Ergodox/QMK_Consumer_Control
00:00:00.662 [DEBUG] [wlr] [backend/libinput/events.c:69] Adding Input Club Infinity_Ergodox/QMK Keyboard [7185:45133]
00:00:00.662 [DEBUG] [sway/input/input-manager.c:240] adding device: '7185:45133:Input_Club_Infinity_Ergodox/QMK_Keyboard'
00:00:00.662 [DEBUG] [sway/input/seat.c:949] adding device 7185:45133:Input_Club_Infinity_Ergodox/QMK_Keyboard to seat seat0
00:00:00.669 [DEBUG] [sway/input/keyboard.c:885] Adding keyboard 7185:45133:Input_Club_Infinity_Ergodox/QMK_Keyboard to group 0x22996750
00:00:00.671 [DEBUG] [wlr] [backend/libinput/backend.c:125] libinput successfully initialized
00:00:00.671 [INFO] [wlr] [backend/drm/drm.c:1703] Scanning DRM connectors on /dev/dri/card0
00:00:00.693 [INFO] [wlr] [backend/drm/drm.c:1754] Found connector 'DP-1'
00:00:00.756 [INFO] [wlr] [backend/drm/drm.c:1754] Found connector 'HDMI-A-1'
00:00:00.756 [INFO] [wlr] [backend/drm/drm.c:1779] 'HDMI-A-1' connected
00:00:00.756 [DEBUG] [wlr] [backend/drm/drm.c:1569] Current CRTC: 43
00:00:00.756 [INFO] [wlr] [backend/drm/drm.c:1583] Detected modes:
00:00:00.756 [INFO] [wlr] [backend/drm/drm.c:1613]   2560x1080 @ 60.000 Hz (preferred)
00:00:00.756 [INFO] [wlr] [backend/drm/drm.c:1613]   1920x1080 @ 60.000 Hz 
00:00:00.756 [INFO] [wlr] [backend/drm/drm.c:1613]   1920x1080 @ 59.940 Hz 
00:00:00.756 [INFO] [wlr] [backend/drm/drm.c:1613]   1920x1080 @ 50.000 Hz 
00:00:00.756 [INFO] [wlr] [backend/drm/drm.c:1613]   1920x1080 @ 30.000 Hz 
00:00:00.756 [INFO] [wlr] [backend/drm/drm.c:1613]   1920x1080 @ 29.970 Hz 
00:00:00.756 [INFO] [wlr] [backend/drm/drm.c:1613]   1680x1050 @ 59.883 Hz 
00:00:00.756 [INFO] [wlr] [backend/drm/drm.c:1613]   1600x900 @ 60.000 Hz 
00:00:00.756 [INFO] [wlr] [backend/drm/drm.c:1613]   1280x1024 @ 75.025 Hz 
00:00:00.756 [INFO] [wlr] [backend/drm/drm.c:1613]   1280x1024 @ 60.020 Hz 
00:00:00.756 [INFO] [wlr] [backend/drm/drm.c:1613]   1152x864 @ 75.000 Hz 
00:00:00.756 [INFO] [wlr] [backend/drm/drm.c:1613]   1280x720 @ 60.000 Hz 
00:00:00.756 [INFO] [wlr] [backend/drm/drm.c:1613]   1280x720 @ 59.940 Hz 
00:00:00.756 [INFO] [wlr] [backend/drm/drm.c:1613]   1280x720 @ 50.000 Hz 
00:00:00.756 [INFO] [wlr] [backend/drm/drm.c:1613]   1024x768 @ 75.029 Hz 
00:00:00.756 [INFO] [wlr] [backend/drm/drm.c:1613]   1024x768 @ 60.004 Hz 
00:00:00.756 [INFO] [wlr] [backend/drm/drm.c:1613]   800x600 @ 75.000 Hz 
00:00:00.756 [INFO] [wlr] [backend/drm/drm.c:1613]   800x600 @ 60.317 Hz 
00:00:00.756 [INFO] [wlr] [backend/drm/drm.c:1613]   720x576 @ 50.000 Hz 
00:00:00.756 [INFO] [wlr] [backend/drm/drm.c:1613]   720x480 @ 60.000 Hz 
00:00:00.756 [INFO] [wlr] [backend/drm/drm.c:1613]   720x480 @ 59.940 Hz 
00:00:00.756 [INFO] [wlr] [backend/drm/drm.c:1613]   640x480 @ 75.000 Hz 
00:00:00.756 [INFO] [wlr] [backend/drm/drm.c:1613]   640x480 @ 60.000 Hz 
00:00:00.756 [INFO] [wlr] [backend/drm/drm.c:1613]   640x480 @ 59.940 Hz 
00:00:00.756 [INFO] [wlr] [backend/drm/drm.c:1613]   720x400 @ 70.082 Hz 
00:00:00.756 [INFO] [wlr] [backend/drm/drm.c:1633] Physical size: 580x240
00:00:00.789 [INFO] [wlr] [backend/drm/drm.c:1754] Found connector 'DVI-D-1'
00:00:00.789 [INFO] [wlr] [backend/drm/drm.c:1779] 'DVI-D-1' connected
00:00:00.789 [DEBUG] [wlr] [backend/drm/drm.c:1569] Current CRTC: 45
00:00:00.789 [INFO] [wlr] [backend/drm/drm.c:1583] Detected modes:
00:00:00.789 [INFO] [wlr] [backend/drm/drm.c:1613]   1920x1080 @ 60.000 Hz (preferred)
00:00:00.789 [INFO] [wlr] [backend/drm/drm.c:1613]   1680x1050 @ 59.883 Hz 
00:00:00.789 [INFO] [wlr] [backend/drm/drm.c:1613]   1280x1024 @ 75.025 Hz 
00:00:00.789 [INFO] [wlr] [backend/drm/drm.c:1613]   1280x1024 @ 60.020 Hz 
00:00:00.789 [INFO] [wlr] [backend/drm/drm.c:1613]   1440x900 @ 59.901 Hz 
00:00:00.789 [INFO] [wlr] [backend/drm/drm.c:1613]   1280x960 @ 60.000 Hz 
00:00:00.789 [INFO] [wlr] [backend/drm/drm.c:1613]   1280x800 @ 59.910 Hz 
00:00:00.789 [INFO] [wlr] [backend/drm/drm.c:1613]   1152x864 @ 75.000 Hz 
00:00:00.789 [INFO] [wlr] [backend/drm/drm.c:1613]   1280x720 @ 60.000 Hz 
00:00:00.789 [INFO] [wlr] [backend/drm/drm.c:1613]   1024x768 @ 75.029 Hz 
00:00:00.789 [INFO] [wlr] [backend/drm/drm.c:1613]   1024x768 @ 70.069 Hz 
00:00:00.789 [INFO] [wlr] [backend/drm/drm.c:1613]   1024x768 @ 60.004 Hz 
00:00:00.789 [INFO] [wlr] [backend/drm/drm.c:1613]   832x624 @ 74.551 Hz 
00:00:00.789 [INFO] [wlr] [backend/drm/drm.c:1613]   800x600 @ 75.000 Hz 
00:00:00.789 [INFO] [wlr] [backend/drm/drm.c:1613]   800x600 @ 72.188 Hz 
00:00:00.789 [INFO] [wlr] [backend/drm/drm.c:1613]   800x600 @ 60.317 Hz 
00:00:00.789 [INFO] [wlr] [backend/drm/drm.c:1613]   800x600 @ 56.250 Hz 
00:00:00.789 [INFO] [wlr] [backend/drm/drm.c:1613]   640x480 @ 75.000 Hz 
00:00:00.789 [INFO] [wlr] [backend/drm/drm.c:1613]   640x480 @ 72.809 Hz 
00:00:00.789 [INFO] [wlr] [backend/drm/drm.c:1613]   640x480 @ 66.667 Hz 
00:00:00.789 [INFO] [wlr] [backend/drm/drm.c:1613]   640x480 @ 59.940 Hz 
00:00:00.789 [INFO] [wlr] [backend/drm/drm.c:1613]   720x400 @ 70.082 Hz 
00:00:00.789 [INFO] [wlr] [backend/drm/drm.c:1633] Physical size: 530x300
00:00:00.823 [INFO] [wlr] [backend/drm/drm.c:1754] Found connector 'DVI-I-1'
00:00:00.823 [INFO] [wlr] [backend/drm/drm.c:1779] 'DVI-I-1' connected
00:00:00.823 [DEBUG] [wlr] [backend/drm/drm.c:1569] Current CRTC: 47
00:00:00.823 [INFO] [wlr] [backend/drm/drm.c:1583] Detected modes:
00:00:00.823 [INFO] [wlr] [backend/drm/drm.c:1613]   1920x1080 @ 60.000 Hz (preferred)
00:00:00.823 [INFO] [wlr] [backend/drm/drm.c:1613]   1680x1050 @ 59.883 Hz 
00:00:00.823 [INFO] [wlr] [backend/drm/drm.c:1613]   1280x1024 @ 75.025 Hz 
00:00:00.823 [INFO] [wlr] [backend/drm/drm.c:1613]   1280x1024 @ 60.020 Hz 
00:00:00.823 [INFO] [wlr] [backend/drm/drm.c:1613]   1440x900 @ 59.901 Hz 
00:00:00.823 [INFO] [wlr] [backend/drm/drm.c:1613]   1280x960 @ 60.000 Hz 
00:00:00.823 [INFO] [wlr] [backend/drm/drm.c:1613]   1280x800 @ 59.910 Hz 
00:00:00.823 [INFO] [wlr] [backend/drm/drm.c:1613]   1152x864 @ 75.000 Hz 
00:00:00.823 [INFO] [wlr] [backend/drm/drm.c:1613]   1280x720 @ 60.000 Hz 
00:00:00.823 [INFO] [wlr] [backend/drm/drm.c:1613]   1024x768 @ 75.029 Hz 
00:00:00.823 [INFO] [wlr] [backend/drm/drm.c:1613]   1024x768 @ 70.069 Hz 
00:00:00.823 [INFO] [wlr] [backend/drm/drm.c:1613]   1024x768 @ 60.004 Hz 
00:00:00.823 [INFO] [wlr] [backend/drm/drm.c:1613]   832x624 @ 74.551 Hz 
00:00:00.823 [INFO] [wlr] [backend/drm/drm.c:1613]   800x600 @ 75.000 Hz 
00:00:00.823 [INFO] [wlr] [backend/drm/drm.c:1613]   800x600 @ 72.188 Hz 
00:00:00.823 [INFO] [wlr] [backend/drm/drm.c:1613]   800x600 @ 60.317 Hz 
00:00:00.823 [INFO] [wlr] [backend/drm/drm.c:1613]   800x600 @ 56.250 Hz 
00:00:00.823 [INFO] [wlr] [backend/drm/drm.c:1613]   640x480 @ 75.000 Hz 
00:00:00.823 [INFO] [wlr] [backend/drm/drm.c:1613]   640x480 @ 72.809 Hz 
00:00:00.823 [INFO] [wlr] [backend/drm/drm.c:1613]   640x480 @ 66.667 Hz 
00:00:00.823 [INFO] [wlr] [backend/drm/drm.c:1613]   640x480 @ 59.940 Hz 
00:00:00.823 [INFO] [wlr] [backend/drm/drm.c:1613]   720x400 @ 70.082 Hz 
00:00:00.823 [INFO] [wlr] [backend/drm/drm.c:1633] Physical size: 530x300
00:00:00.823 [DEBUG] [wlr] [backend/drm/drm.c:1345] Reallocating CRTCs
00:00:00.823 [DEBUG] [wlr] [backend/drm/drm.c:1408]   Connector DP-1 (disconnected): no CRTC (no change)
00:00:00.823 [DEBUG] [wlr] [backend/drm/drm.c:1408]   Connector HDMI-A-1 (connected, needs CRTC): CRTC 43 (no change)
00:00:00.823 [DEBUG] [wlr] [backend/drm/drm.c:1408]   Connector DVI-D-1 (connected, needs CRTC): CRTC 45 (no change)
00:00:00.823 [DEBUG] [wlr] [backend/drm/drm.c:1408]   Connector DVI-I-1 (connected, needs CRTC): CRTC 47 (no change)
00:00:00.823 [INFO] [wlr] [backend/drm/drm.c:1815] connector HDMI-A-1: Requesting modeset
00:00:00.823 [DEBUG] [sway/desktop/output.c:604] New output 0x22c46d00: HDMI-A-1 (non-desktop: 0)
00:00:00.823 [INFO] [wlr] [backend/drm/drm.c:1815] connector DVI-D-1: Requesting modeset
00:00:00.823 [DEBUG] [sway/desktop/output.c:604] New output 0x22c35850: DVI-D-1 (non-desktop: 0)
00:00:00.823 [INFO] [wlr] [backend/drm/drm.c:1815] connector DVI-I-1: Requesting modeset
00:00:00.823 [DEBUG] [sway/desktop/output.c:604] New output 0x22c36970: DVI-I-1 (non-desktop: 0)
00:00:00.823 [INFO] [wlr] [backend/headless/backend.c:17] Starting headless backend
00:00:00.824 [DEBUG] [sway/config/output.c:870] Committing 3 outputs
00:00:00.824 [DEBUG] [sway/config/output.c:633] Output state for DVI-I-1
00:00:00.824 [DEBUG] [sway/config/output.c:635]     enabled:       yes
00:00:00.824 [DEBUG] [sway/config/output.c:639]     render_format: XR24
00:00:00.824 [DEBUG] [sway/config/output.c:647]     mode:          1920x1080@60000mHz (preferred)
00:00:00.824 [DEBUG] [sway/config/output.c:657]     scale:         1.000000
00:00:00.824 [DEBUG] [sway/config/output.c:660]     subpixel:      rgb
00:00:00.824 [DEBUG] [sway/config/output.c:633] Output state for DVI-D-1
00:00:00.824 [DEBUG] [sway/config/output.c:635]     enabled:       yes
00:00:00.824 [DEBUG] [sway/config/output.c:639]     render_format: XR24
00:00:00.824 [DEBUG] [sway/config/output.c:647]     mode:          1920x1080@60000mHz (preferred)
00:00:00.824 [DEBUG] [sway/config/output.c:657]     scale:         1.000000
00:00:00.824 [DEBUG] [sway/config/output.c:660]     subpixel:      rgb
00:00:00.824 [DEBUG] [sway/config/output.c:633] Output state for HDMI-A-1
00:00:00.824 [DEBUG] [sway/config/output.c:635]     enabled:       yes
00:00:00.824 [DEBUG] [sway/config/output.c:639]     render_format: XR24
00:00:00.824 [DEBUG] [sway/config/output.c:647]     mode:          2560x1080@60000mHz (preferred)
00:00:00.824 [DEBUG] [sway/config/output.c:657]     scale:         1.000000
00:00:00.824 [DEBUG] [sway/config/output.c:660]     subpixel:      rgb
00:00:00.824 [DEBUG] [wlr] [types/wlr_output_swapchain_manager.c:160] Preparing test commit for 3 outputs with explicit modifiers
00:00:00.824 [DEBUG] [wlr] [render/swapchain.c:106] Allocating new swapchain buffer
00:00:00.824 [DEBUG] [wlr] [render/allocator/gbm.c:144] Allocated 1920x1080 GBM buffer with format XR24 (0x34325258), modifier INVALID (0x00FFFFFFFFFFFFFF)
00:00:00.824 [DEBUG] [wlr] [render/swapchain.c:106] Allocating new swapchain buffer
00:00:00.824 [DEBUG] [wlr] [render/allocator/gbm.c:144] Allocated 1920x1080 GBM buffer with format XR24 (0x34325258), modifier INVALID (0x00FFFFFFFFFFFFFF)
00:00:00.824 [DEBUG] [wlr] [render/swapchain.c:106] Allocating new swapchain buffer
00:00:00.824 [DEBUG] [wlr] [render/allocator/gbm.c:144] Allocated 2560x1080 GBM buffer with format XR24 (0x34325258), modifier INVALID (0x00FFFFFFFFFFFFFF)
00:00:00.824 [DEBUG] [wlr] [types/wlr_output_swapchain_manager.c:181] Test commit for 3 outputs succeeded
00:00:00.824 [DEBUG] [wlr] [render/fx_renderer/fx_framebuffer.c:149] Created GL FBO for buffer 1920x1080
00:00:00.824 [DEBUG] [wlr] [render/allocator/gbm.c:144] Allocated 1920x1080 GBM buffer with format XR24 (0x34325258), modifier INVALID (0x00FFFFFFFFFFFFFF)
00:00:00.824 [DEBUG] [wlr] [render/fx_renderer/fx_framebuffer.c:149] Created GL FBO for buffer 1920x1080
00:00:00.827 [DEBUG] [wlr] [render/allocator/gbm.c:144] Allocated 1920x1080 GBM buffer with format XR24 (0x34325258), modifier INVALID (0x00FFFFFFFFFFFFFF)
00:00:00.828 [DEBUG] [wlr] [render/fx_renderer/fx_framebuffer.c:149] Created GL FBO for buffer 1920x1080
00:00:00.828 [DEBUG] [wlr] [render/allocator/gbm.c:144] Allocated 1920x1080 GBM buffer with format XR24 (0x34325258), modifier INVALID (0x00FFFFFFFFFFFFFF)
00:00:00.828 [DEBUG] [wlr] [render/fx_renderer/fx_framebuffer.c:149] Created GL FBO for buffer 1920x1080
00:00:00.830 [DEBUG] [wlr] [render/fx_renderer/fx_framebuffer.c:149] Created GL FBO for buffer 1920x1080
00:00:00.830 [DEBUG] [wlr] [render/allocator/gbm.c:144] Allocated 1920x1080 GBM buffer with format XR24 (0x34325258), modifier INVALID (0x00FFFFFFFFFFFFFF)
00:00:00.830 [DEBUG] [wlr] [render/fx_renderer/fx_framebuffer.c:149] Created GL FBO for buffer 1920x1080
00:00:00.830 [DEBUG] [wlr] [render/allocator/gbm.c:144] Allocated 1920x1080 GBM buffer with format XR24 (0x34325258), modifier INVALID (0x00FFFFFFFFFFFFFF)
00:00:00.830 [DEBUG] [wlr] [render/fx_renderer/fx_framebuffer.c:149] Created GL FBO for buffer 1920x1080
00:00:00.831 [DEBUG] [wlr] [render/allocator/gbm.c:144] Allocated 1920x1080 GBM buffer with format XR24 (0x34325258), modifier INVALID (0x00FFFFFFFFFFFFFF)
00:00:00.831 [DEBUG] [wlr] [render/fx_renderer/fx_framebuffer.c:149] Created GL FBO for buffer 1920x1080
00:00:00.831 [DEBUG] [wlr] [render/fx_renderer/fx_framebuffer.c:149] Created GL FBO for buffer 2560x1080
00:00:00.831 [DEBUG] [wlr] [render/allocator/gbm.c:144] Allocated 2560x1080 GBM buffer with format XR24 (0x34325258), modifier INVALID (0x00FFFFFFFFFFFFFF)
00:00:00.831 [DEBUG] [wlr] [render/fx_renderer/fx_framebuffer.c:149] Created GL FBO for buffer 2560x1080
00:00:00.831 [DEBUG] [wlr] [render/allocator/gbm.c:144] Allocated 2560x1080 GBM buffer with format XR24 (0x34325258), modifier INVALID (0x00FFFFFFFFFFFFFF)
00:00:00.831 [DEBUG] [wlr] [render/fx_renderer/fx_framebuffer.c:149] Created GL FBO for buffer 2560x1080
00:00:00.832 [DEBUG] [wlr] [render/allocator/gbm.c:144] Allocated 2560x1080 GBM buffer with format XR24 (0x34325258), modifier INVALID (0x00FFFFFFFFFFFFFF)
00:00:00.832 [DEBUG] [wlr] [render/fx_renderer/fx_framebuffer.c:149] Created GL FBO for buffer 2560x1080
00:00:00.832 [ERROR] [wlr] [backend/drm/legacy.c:177] connector DVI-D-1: drmModePageFlip failed: Device or resource busy
00:00:00.832 [ERROR] [sway/config/output.c:926] Backend commit failed
00:00:00.832 [DEBUG] [sway/input/seat.c:698] Applying input mapping to 7185:45133:Input_Club_Infinity_Ergodox/QMK_Consumer_Control
00:00:00.832 [DEBUG] [sway/input/seat.c:698] Applying input mapping to 7185:45133:Input_Club_Infinity_Ergodox/QMK_Mouse
00:00:00.832 [DEBUG] [sway/input/seat.c:698] Applying input mapping to 1133:16495:Logitech_MX_Ergo
00:00:00.833 [DEBUG] [sway/config.c:681] Running deferred commands
00:00:00.833 [INFO] [sway/commands.c:284] Handling command 'exec "/nix/store/5frr8jbqss1a8gbb17kpf4982v8p900j-dbus-1.14.10/bin/dbus-update-activation-environment --systemd DISPLAY WAYLAND_DISPLAY SWAYSOCK XDG_CURRENT_DESKTOP XDG_SESSION_TYPE NIXOS_OZONE_WL XCURSOR_THEME XCURSOR_SIZE; systemctl --user reset-failed && systemctl --user start sway-session.target && swaymsg -mt subscribe '[]' || true && systemctl --user stop sway-session.target"'
00:00:00.833 [DEBUG] [sway/commands/exec_always.c:57] Executing /nix/store/5frr8jbqss1a8gbb17kpf4982v8p900j-dbus-1.14.10/bin/dbus-update-activation-environment --systemd DISPLAY WAYLAND_DISPLAY SWAYSOCK XDG_CURRENT_DESKTOP XDG_SESSION_TYPE NIXOS_OZONE_WL XCURSOR_THEME XCURSOR_SIZE; systemctl --user reset-failed && systemctl --user start sway-session.target && swaymsg -mt subscribe '[]' || true && systemctl --user stop sway-session.target
00:00:00.833 [DEBUG] [sway/desktop/launcher.c:246] Failed to create launch context. No workspace.
00:00:00.841 [DEBUG] [sway/commands/exec_always.c:110] Child process created with pid 1268
00:00:00.841 [INFO] [sway/server.c:499] Running compositor on wayland display 'wayland-1'
00:00:00.938 [DEBUG] [sway/ipc-server.c:196] New client: fd 66
00:00:47.189 [DEBUG] [wlr] [backend/libinput/events.c:133] Removing Input Club Infinity_Ergodox/QMK [7185:45133]
00:00:47.190 [DEBUG] [sway/input/input-manager.c:208] removing device: '7185:45133:Input_Club_Infinity_Ergodox/QMK'
00:00:47.190 [DEBUG] [sway/input/seat.c:969] removing device 7185:45133:Input_Club_Infinity_Ergodox/QMK from seat seat0
00:00:47.190 [DEBUG] [sway/input/keyboard.c:801] Removing keyboard 7185:45133:Input_Club_Infinity_Ergodox/QMK from group 0x22996750
00:00:47.191 [DEBUG] [wlr] [backend/libinput/events.c:133] Removing Logitech BRIO Consumer Control [1133:2142]
00:00:47.191 [DEBUG] [sway/input/input-manager.c:208] removing device: '1133:2142:Logitech_BRIO_Consumer_Control'
00:00:47.191 [DEBUG] [sway/input/seat.c:969] removing device 1133:2142:Logitech_BRIO_Consumer_Control from seat seat0
00:00:47.191 [DEBUG] [sway/input/keyboard.c:801] Removing keyboard 1133:2142:Logitech_BRIO_Consumer_Control from group 0x22996750
00:00:47.191 [DEBUG] [wlr] [backend/libinput/events.c:133] Removing Input Club Infinity_Ergodox/QMK Consumer Control [7185:45133]
00:00:47.191 [DEBUG] [sway/input/input-manager.c:208] removing device: '7185:45133:Input_Club_Infinity_Ergodox/QMK_Consumer_Control'
00:00:47.191 [DEBUG] [sway/input/seat.c:969] removing device 7185:45133:Input_Club_Infinity_Ergodox/QMK_Consumer_Control from seat seat0
00:00:47.191 [DEBUG] [sway/input/keyboard.c:801] Removing keyboard 7185:45133:Input_Club_Infinity_Ergodox/QMK_Consumer_Control from group 0x22996750
00:00:47.192 [DEBUG] [sway/input/input-manager.c:208] removing device: '7185:45133:Input_Club_Infinity_Ergodox/QMK_Consumer_Control'
00:00:47.192 [DEBUG] [sway/input/seat.c:969] removing device 7185:45133:Input_Club_Infinity_Ergodox/QMK_Consumer_Control from seat seat0
00:00:47.192 [DEBUG] [wlr] [backend/libinput/events.c:133] Removing Input Club Infinity_Ergodox/QMK System Control [7185:45133]
00:00:47.192 [DEBUG] [sway/input/input-manager.c:208] removing device: '7185:45133:Input_Club_Infinity_Ergodox/QMK_System_Control'
00:00:47.192 [DEBUG] [sway/input/seat.c:969] removing device 7185:45133:Input_Club_Infinity_Ergodox/QMK_System_Control from seat seat0
00:00:47.192 [DEBUG] [sway/input/keyboard.c:801] Removing keyboard 7185:45133:Input_Club_Infinity_Ergodox/QMK_System_Control from group 0x22996750
00:00:47.193 [DEBUG] [wlr] [backend/libinput/events.c:133] Removing Power Button [0:1]
00:00:47.193 [DEBUG] [sway/input/input-manager.c:208] removing device: '0:1:Power_Button'
00:00:47.193 [DEBUG] [sway/input/seat.c:969] removing device 0:1:Power_Button from seat seat0
00:00:47.193 [DEBUG] [sway/input/keyboard.c:801] Removing keyboard 0:1:Power_Button from group 0x22996750
00:00:47.272 [DEBUG] [wlr] [backend/libinput/events.c:133] Removing Input Club Infinity_Ergodox/QMK Mouse [7185:45133]
00:00:47.272 [DEBUG] [sway/input/input-manager.c:208] removing device: '7185:45133:Input_Club_Infinity_Ergodox/QMK_Mouse'
00:00:47.272 [DEBUG] [sway/input/seat.c:969] removing device 7185:45133:Input_Club_Infinity_Ergodox/QMK_Mouse from seat seat0
00:00:47.273 [DEBUG] [wlr] [backend/libinput/events.c:133] Removing Yubico YubiKey OTP+FIDO+CCID [4176:1031]
00:00:47.273 [DEBUG] [sway/input/input-manager.c:208] removing device: '4176:1031:Yubico_YubiKey_OTP+FIDO+CCID'
00:00:47.273 [DEBUG] [sway/input/seat.c:969] removing device 4176:1031:Yubico_YubiKey_OTP+FIDO+CCID from seat seat0
00:00:47.273 [DEBUG] [sway/input/keyboard.c:801] Removing keyboard 4176:1031:Yubico_YubiKey_OTP+FIDO+CCID from group 0x22996750
00:00:47.273 [DEBUG] [wlr] [backend/libinput/events.c:133] Removing Power Button [0:1]
00:00:47.273 [DEBUG] [sway/input/input-manager.c:208] removing device: '0:1:Power_Button'
00:00:47.273 [DEBUG] [sway/input/seat.c:969] removing device 0:1:Power_Button from seat seat0
00:00:47.273 [DEBUG] [sway/input/keyboard.c:801] Removing keyboard 0:1:Power_Button from group 0x22996750
00:00:47.274 [DEBUG] [wlr] [backend/libinput/events.c:133] Removing Input Club Infinity_Ergodox/QMK Keyboard [7185:45133]
00:00:47.274 [DEBUG] [sway/input/input-manager.c:208] removing device: '7185:45133:Input_Club_Infinity_Ergodox/QMK_Keyboard'
00:00:47.274 [DEBUG] [sway/input/seat.c:969] removing device 7185:45133:Input_Club_Infinity_Ergodox/QMK_Keyboard from seat seat0
00:00:47.274 [DEBUG] [sway/input/keyboard.c:801] Removing keyboard 7185:45133:Input_Club_Infinity_Ergodox/QMK_Keyboard from group 0x22996750
00:00:47.274 [DEBUG] [wlr] [backend/libinput/events.c:133] Removing Logitech MX Ergo [1133:16495]
00:00:47.274 [DEBUG] [sway/input/input-manager.c:208] removing device: '1133:16495:Logitech_MX_Ergo'
00:00:47.274 [DEBUG] [sway/input/seat.c:969] removing device 1133:16495:Logitech_MX_Ergo from seat seat0
00:00:47.274 [DEBUG] [sway/input/keyboard.c:801] Removing keyboard 1133:16495:Logitech_MX_Ergo from group 0x22996750
00:00:47.274 [DEBUG] [sway/input/keyboard.c:807] Destroying empty keyboard group 0x22996750
00:00:47.275 [DEBUG] [sway/input/input-manager.c:208] removing device: '1133:16495:Logitech_MX_Ergo'
00:00:47.275 [DEBUG] [sway/input/seat.c:969] removing device 1133:16495:Logitech_MX_Ergo from seat seat0
00:00:47.275 [INFO] [wlr] [libseat] [libseat/backend/logind.c:351] Disabling seat
00:00:47.275 [INFO] [wlr] [backend/drm/backend.c:117] DRM FD paused
00:01:03.560 [INFO] [sway/main.c:379] Shutting down sway
00:01:03.560 [DEBUG] [sway/tree/output.c:306] Destroying output 'HDMI-A-1'
00:01:03.560 [DEBUG] [sway/tree/output.c:306] Destroying output 'DVI-D-1'
00:01:03.561 [DEBUG] [sway/tree/output.c:306] Destroying output 'DVI-I-1'
00:01:03.561 [DEBUG] [wlr] [types/wlr_drm_lease_v1.c:103] Destroying wlr_drm_lease_device_v1 for /dev/dri/card0
00:01:03.563 [DEBUG] [wlr] [types/wlr_drm_lease_v1.c:683] Destroying wlr_drm_lease_v1_manager
00:01:03.563 [INFO] [sway/ipc-server.c:570] IPC Client 66 disconnected
